#
# There is insufficient memory for the Java Runtime Environment to continue.
# Native memory allocation (malloc) failed to allocate 32744 bytes for ChunkPool::allocate
# Possible reasons:
#   The system is out of physical RAM or swap space
#   The process is running with CompressedOops enabled, and the Java Heap may be blocking the growth of the native heap
# Possible solutions:
#   Reduce memory load on the system
#   Increase physical memory or swap space
#   Check if swap backing store is full
#   Decrease Java heap size (-Xmx/-Xms)
#   Decrease number of Java threads
#   Decrease Java thread stack sizes (-Xss)
#   Set larger code cache with -XX:ReservedCodeCacheSize=
#   JVM is running with Zero Based Compressed Oops mode in which the Java heap is
#     placed in the first 32GB address space. The Java Heap base address is the
#     maximum limit for the native heap growth. Please use -XX:HeapBaseMinAddress
#     to set the Java Heap base and to place the Java Heap above 32GB virtual address.
# This output file may be truncated or incomplete.
#
#  Out of Memory Error (./src/hotspot/share/memory/arena.cpp:81), pid=5192, tid=4488
#
# JRE version: OpenJDK Runtime Environment (11.0.8+10) (build 11.0.8+10-b944.6842174)
# Java VM: OpenJDK 64-Bit Server VM (11.0.8+10-b944.6842174, mixed mode, tiered, compressed oops, g1 gc, windows-amd64)
# No core dump will be written. Minidumps are not enabled by default on client versions of Windows
#

---------------  S U M M A R Y ------------

Command Line: org.jetbrains.kotlin.cli.jvm.K2JVMCompiler @D:\dev\physmin\android\build\20210714_7780565730232823754.compiler.options

Host: AMD FX(tm)-6300 Six-Core Processor             , 6 cores, 15G,  Windows 10 , 64 bit Build 19041 (10.0.19041.928)
Time: Wed Jul 14 23:52:45 2021 Novosibirsk Standard Time elapsed time: 21 seconds (0d 0h 0m 21s)

---------------  T H R E A D  ---------------

Current thread (0x0000017048b82800):  JavaThread "C2 CompilerThread0" daemon [_thread_in_native, id=4488, stack(0x0000002627c00000,0x0000002627d00000)]


Current CompileTask:
C2:  21383 14280       4       org.jetbrains.kotlin.config.LanguageVersionSettingsImpl::getFlag (30 bytes)

Stack: [0x0000002627c00000,0x0000002627d00000]
Native frames: (J=compiled Java code, j=interpreted, Vv=VM code, C=native code)
V  [jvm.dll+0x5de50a]
V  [jvm.dll+0x7122f5]
V  [jvm.dll+0x71384d]
V  [jvm.dll+0x713f03]
V  [jvm.dll+0x23e728]
V  [jvm.dll+0xb8beb]
V  [jvm.dll+0xb8e9c]
V  [jvm.dll+0x2a7253]
V  [jvm.dll+0x2a7002]
V  [jvm.dll+0x6e97e6]
V  [jvm.dll+0x23b854]
V  [jvm.dll+0x60c405]
V  [jvm.dll+0x60b22d]
V  [jvm.dll+0x1f926e]
V  [jvm.dll+0x1f685f]
V  [jvm.dll+0x17f32c]
V  [jvm.dll+0x205047]
V  [jvm.dll+0x203891]
V  [jvm.dll+0x6dad3f]
V  [jvm.dll+0x6d3895]
V  [jvm.dll+0x5dd4a6]
C  [ucrtbase.dll+0x21bb2]
C  [KERNEL32.DLL+0x17034]
C  [ntdll.dll+0x52651]


---------------  P R O C E S S  ---------------

Threads class SMR info:
_java_thread_list=0x000001704a43d3b0, length=11, elements={
0x0000017029117000, 0x0000017048b60800, 0x0000017048b63800, 0x0000017048b80000,
0x0000017048b81800, 0x0000017048b82800, 0x0000017048b85800, 0x0000017048b86800,
0x0000017048d22000, 0x0000017048d27800, 0x0000017048d31800
}

Java Threads: ( => current thread )
  0x0000017029117000 JavaThread "main" [_thread_in_Java, id=2584, stack(0x0000002627100000,0x0000002627200000)]
  0x0000017048b60800 JavaThread "Reference Handler" daemon [_thread_blocked, id=3576, stack(0x0000002627800000,0x0000002627900000)]
  0x0000017048b63800 JavaThread "Finalizer" daemon [_thread_blocked, id=10440, stack(0x0000002627900000,0x0000002627a00000)]
  0x0000017048b80000 JavaThread "Signal Dispatcher" daemon [_thread_blocked, id=12124, stack(0x0000002627a00000,0x0000002627b00000)]
  0x0000017048b81800 JavaThread "Attach Listener" daemon [_thread_blocked, id=8440, stack(0x0000002627b00000,0x0000002627c00000)]
=>0x0000017048b82800 JavaThread "C2 CompilerThread0" daemon [_thread_in_native, id=4488, stack(0x0000002627c00000,0x0000002627d00000)]
  0x0000017048b85800 JavaThread "C1 CompilerThread0" daemon [_thread_in_native, id=1604, stack(0x0000002627d00000,0x0000002627e00000)]
  0x0000017048b86800 JavaThread "Sweeper thread" daemon [_thread_blocked, id=3776, stack(0x0000002627e00000,0x0000002627f00000)]
  0x0000017048d22000 JavaThread "Service Thread" daemon [_thread_blocked, id=4468, stack(0x0000002627f00000,0x0000002628000000)]
  0x0000017048d27800 JavaThread "Common-Cleaner" daemon [_thread_blocked, id=17844, stack(0x0000002628100000,0x0000002628200000)]
  0x0000017048d31800 JavaThread "C2 CompilerThread1" daemon [_thread_in_native, id=7216, stack(0x0000002628200000,0x0000002628300000)]

Other Threads:
  0x0000017048b3e000 VMThread "VM Thread" [stack: 0x0000002627700000,0x0000002627800000] [id=9032]
  0x0000017048d23000 WatcherThread [stack: 0x0000002628000000,0x0000002628100000] [id=16900]
  0x0000017029130000 GCTaskThread "GC Thread#0" [stack: 0x0000002627200000,0x0000002627300000] [id=14572]
  0x0000017049433800 GCTaskThread "GC Thread#1" [stack: 0x0000002628300000,0x0000002628400000] [id=16572]
  0x0000017049466800 GCTaskThread "GC Thread#2" [stack: 0x0000002628400000,0x0000002628500000] [id=4644]
  0x0000017049467800 GCTaskThread "GC Thread#3" [stack: 0x0000002628500000,0x0000002628600000] [id=18300]
  0x000001704945f000 GCTaskThread "GC Thread#4" [stack: 0x0000002628600000,0x0000002628700000] [id=6492]
  0x000001704945f800 GCTaskThread "GC Thread#5" [stack: 0x0000002628700000,0x0000002628800000] [id=14848]
  0x000001702918a000 ConcurrentGCThread "G1 Main Marker" [stack: 0x0000002627300000,0x0000002627400000] [id=6468]
  0x000001702918c800 ConcurrentGCThread "G1 Conc#0" [stack: 0x0000002627400000,0x0000002627500000] [id=5668]
  0x000001704964f000 ConcurrentGCThread "G1 Conc#1" [stack: 0x0000002628800000,0x0000002628900000] [id=17000]
  0x0000017048194800 ConcurrentGCThread "G1 Refine#0" [stack: 0x0000002627500000,0x0000002627600000] [id=7116]
  0x000001704a108800 ConcurrentGCThread "G1 Refine#1" [stack: 0x0000002628900000,0x0000002628a00000] [id=8416]
  0x000001704a10a800 ConcurrentGCThread "G1 Refine#2" [stack: 0x0000002628a00000,0x0000002628b00000] [id=10448]
  0x000001704a699800 ConcurrentGCThread "G1 Refine#3" [stack: 0x0000002628b00000,0x0000002628c00000] [id=2112]
  0x000001704c693000 ConcurrentGCThread "G1 Refine#4" [stack: 0x0000002628c00000,0x0000002628d00000] [id=10656]
  0x0000017048195800 ConcurrentGCThread "G1 Young RemSet Sampling" [stack: 0x0000002627600000,0x0000002627700000] [id=17796]

Threads with active compile tasks:
C2 CompilerThread0  21409 14280       4       org.jetbrains.kotlin.config.LanguageVersionSettingsImpl::getFlag (30 bytes)
C1 CompilerThread0  21409 14355       2       org.jetbrains.kotlin.resolve.checkers.SuspendFunctionAsSupertypeChecker::check (388 bytes)
C2 CompilerThread1  21409 14238       4       org.jetbrains.kotlin.resolve.OverridingUtil::filterOverrides (257 bytes)

VM state:not at safepoint (normal execution)

VM Mutex/Monitor currently owned by a thread: None

Heap address: 0x0000000703000000, size: 4048 MB, Compressed Oops mode: Zero based, Oop shift amount: 3
Narrow klass base: 0x0000000800000000, Narrow klass shift: 0
Compressed class space size: 1073741824 Address: 0x0000000800000000

Heap:
 garbage-first heap   total 385024K, used 144345K [0x0000000703000000, 0x0000000800000000)
  region size 1024K, 58 young (59392K), 13 survivors (13312K)
 Metaspace       used 69781K, capacity 70672K, committed 70912K, reserved 1112064K
  class space    used 7501K, capacity 7824K, committed 7936K, reserved 1048576K
Heap Regions: E=young(eden), S=young(survivor), O=old, HS=humongous(starts), HC=humongous(continues), CS=collection set, F=free, A=archive, TAMS=top-at-mark-start (previous, next)
|   0|0x0000000703000000, 0x0000000703100000, 0x0000000703100000|100%|HS|  |TAMS 0x0000000703100000, 0x0000000703000000| Complete 
|   1|0x0000000703100000, 0x0000000703200000, 0x0000000703200000|100%|HC|  |TAMS 0x0000000703200000, 0x0000000703100000| Complete 
|   2|0x0000000703200000, 0x0000000703300000, 0x0000000703300000|100%|HC|  |TAMS 0x0000000703300000, 0x0000000703200000| Complete 
|   3|0x0000000703300000, 0x0000000703400000, 0x0000000703400000|100%|HS|  |TAMS 0x0000000703400000, 0x0000000703300000| Complete 
|   4|0x0000000703400000, 0x0000000703500000, 0x0000000703500000|100%|HC|  |TAMS 0x0000000703500000, 0x0000000703400000| Complete 
|   5|0x0000000703500000, 0x0000000703600000, 0x0000000703600000|100%|HC|  |TAMS 0x0000000703600000, 0x0000000703500000| Complete 
|   6|0x0000000703600000, 0x0000000703700000, 0x0000000703700000|100%|HS|  |TAMS 0x0000000703700000, 0x0000000703600000| Complete 
|   7|0x0000000703700000, 0x0000000703800000, 0x0000000703800000|100%|HC|  |TAMS 0x0000000703800000, 0x0000000703700000| Complete 
|   8|0x0000000703800000, 0x0000000703900000, 0x0000000703900000|100%|HC|  |TAMS 0x0000000703900000, 0x0000000703800000| Complete 
|   9|0x0000000703900000, 0x0000000703a00000, 0x0000000703a00000|100%| O|  |TAMS 0x0000000703a00000, 0x0000000703900000| Untracked 
|  10|0x0000000703a00000, 0x0000000703b00000, 0x0000000703b00000|100%| O|  |TAMS 0x0000000703b00000, 0x0000000703a00000| Untracked 
|  11|0x0000000703b00000, 0x0000000703c00000, 0x0000000703c00000|100%| O|  |TAMS 0x0000000703c00000, 0x0000000703b00000| Untracked 
|  12|0x0000000703c00000, 0x0000000703d00000, 0x0000000703d00000|100%| O|  |TAMS 0x0000000703d00000, 0x0000000703c00000| Untracked 
|  13|0x0000000703d00000, 0x0000000703e00000, 0x0000000703e00000|100%|HS|  |TAMS 0x0000000703e00000, 0x0000000703d00000| Complete 
|  14|0x0000000703e00000, 0x0000000703f00000, 0x0000000703f00000|100%|HC|  |TAMS 0x0000000703f00000, 0x0000000703e00000| Complete 
|  15|0x0000000703f00000, 0x0000000704000000, 0x0000000704000000|100%| O|  |TAMS 0x0000000704000000, 0x0000000703f00000| Untracked 
|  16|0x0000000704000000, 0x0000000704100000, 0x0000000704100000|100%| O|  |TAMS 0x0000000704100000, 0x0000000704000000| Untracked 
|  17|0x0000000704100000, 0x0000000704200000, 0x0000000704200000|100%| O|  |TAMS 0x0000000704200000, 0x0000000704100000| Untracked 
|  18|0x0000000704200000, 0x0000000704300000, 0x0000000704300000|100%| O|  |TAMS 0x0000000704300000, 0x0000000704200000| Untracked 
|  19|0x0000000704300000, 0x0000000704400000, 0x0000000704400000|100%| O|  |TAMS 0x0000000704400000, 0x0000000704300000| Untracked 
|  20|0x0000000704400000, 0x0000000704500000, 0x0000000704500000|100%| O|  |TAMS 0x0000000704500000, 0x0000000704400000| Untracked 
|  21|0x0000000704500000, 0x0000000704600000, 0x0000000704600000|100%| O|  |TAMS 0x0000000704600000, 0x0000000704500000| Untracked 
|  22|0x0000000704600000, 0x0000000704700000, 0x0000000704700000|100%| O|  |TAMS 0x0000000704700000, 0x0000000704600000| Untracked 
|  23|0x0000000704700000, 0x0000000704800000, 0x0000000704800000|100%| O|  |TAMS 0x0000000704800000, 0x0000000704700000| Untracked 
|  24|0x0000000704800000, 0x0000000704900000, 0x0000000704900000|100%| O|  |TAMS 0x0000000704900000, 0x0000000704800000| Untracked 
|  25|0x0000000704900000, 0x0000000704a00000, 0x0000000704a00000|100%| O|  |TAMS 0x0000000704a00000, 0x0000000704900000| Untracked 
|  26|0x0000000704a00000, 0x0000000704b00000, 0x0000000704b00000|100%| O|  |TAMS 0x0000000704b00000, 0x0000000704a00000| Untracked 
|  27|0x0000000704b00000, 0x0000000704c00000, 0x0000000704c00000|100%| O|  |TAMS 0x0000000704c00000, 0x0000000704b00000| Untracked 
|  28|0x0000000704c00000, 0x0000000704d00000, 0x0000000704d00000|100%| O|  |TAMS 0x0000000704d00000, 0x0000000704c00000| Untracked 
|  29|0x0000000704d00000, 0x0000000704e00000, 0x0000000704e00000|100%| O|  |TAMS 0x0000000704e00000, 0x0000000704d00000| Untracked 
|  30|0x0000000704e00000, 0x0000000704f00000, 0x0000000704f00000|100%| O|  |TAMS 0x0000000704f00000, 0x0000000704e00000| Untracked 
|  31|0x0000000704f00000, 0x0000000705000000, 0x0000000705000000|100%| O|  |TAMS 0x0000000705000000, 0x0000000704f00000| Untracked 
|  32|0x0000000705000000, 0x0000000705100000, 0x0000000705100000|100%| O|  |TAMS 0x0000000705100000, 0x0000000705000000| Untracked 
|  33|0x0000000705100000, 0x0000000705200000, 0x0000000705200000|100%| O|  |TAMS 0x0000000705200000, 0x0000000705100000| Untracked 
|  34|0x0000000705200000, 0x0000000705300000, 0x0000000705300000|100%| O|  |TAMS 0x0000000705300000, 0x0000000705200000| Untracked 
|  35|0x0000000705300000, 0x0000000705400000, 0x0000000705400000|100%| O|  |TAMS 0x0000000705400000, 0x0000000705300000| Untracked 
|  36|0x0000000705400000, 0x0000000705500000, 0x0000000705500000|100%| O|  |TAMS 0x0000000705500000, 0x0000000705400000| Untracked 
|  37|0x0000000705500000, 0x0000000705600000, 0x0000000705600000|100%| O|  |TAMS 0x0000000705600000, 0x0000000705500000| Untracked 
|  38|0x0000000705600000, 0x0000000705700000, 0x0000000705700000|100%| O|  |TAMS 0x0000000705700000, 0x0000000705600000| Untracked 
|  39|0x0000000705700000, 0x0000000705800000, 0x0000000705800000|100%| O|  |TAMS 0x0000000705800000, 0x0000000705700000| Untracked 
|  40|0x0000000705800000, 0x0000000705900000, 0x0000000705900000|100%| O|  |TAMS 0x0000000705900000, 0x0000000705800000| Untracked 
|  41|0x0000000705900000, 0x0000000705a00000, 0x0000000705a00000|100%| O|  |TAMS 0x0000000705a00000, 0x0000000705900000| Untracked 
|  42|0x0000000705a00000, 0x0000000705b00000, 0x0000000705b00000|100%| O|  |TAMS 0x0000000705b00000, 0x0000000705a00000| Untracked 
|  43|0x0000000705b00000, 0x0000000705c00000, 0x0000000705c00000|100%| O|  |TAMS 0x0000000705c00000, 0x0000000705b00000| Untracked 
|  44|0x0000000705c00000, 0x0000000705d00000, 0x0000000705d00000|100%| O|  |TAMS 0x0000000705d00000, 0x0000000705c00000| Untracked 
|  45|0x0000000705d00000, 0x0000000705e00000, 0x0000000705e00000|100%| O|  |TAMS 0x0000000705e00000, 0x0000000705d00000| Untracked 
|  46|0x0000000705e00000, 0x0000000705f00000, 0x0000000705f00000|100%| O|  |TAMS 0x0000000705f00000, 0x0000000705e00000| Untracked 
|  47|0x0000000705f00000, 0x0000000706000000, 0x0000000706000000|100%| O|  |TAMS 0x0000000706000000, 0x0000000705f00000| Untracked 
|  48|0x0000000706000000, 0x0000000706100000, 0x0000000706100000|100%| O|  |TAMS 0x0000000706100000, 0x0000000706000000| Untracked 
|  49|0x0000000706100000, 0x0000000706200000, 0x0000000706200000|100%| O|  |TAMS 0x0000000706200000, 0x0000000706100000| Untracked 
|  50|0x0000000706200000, 0x0000000706300000, 0x0000000706300000|100%| O|  |TAMS 0x0000000706300000, 0x0000000706200000| Untracked 
|  51|0x0000000706300000, 0x0000000706400000, 0x0000000706400000|100%| O|  |TAMS 0x0000000706400000, 0x0000000706300000| Untracked 
|  52|0x0000000706400000, 0x0000000706500000, 0x0000000706500000|100%| O|  |TAMS 0x0000000706500000, 0x0000000706400000| Untracked 
|  53|0x0000000706500000, 0x0000000706600000, 0x0000000706600000|100%| O|  |TAMS 0x0000000706600000, 0x0000000706500000| Untracked 
|  54|0x0000000706600000, 0x0000000706700000, 0x0000000706700000|100%| O|  |TAMS 0x0000000706700000, 0x0000000706600000| Untracked 
|  55|0x0000000706700000, 0x0000000706800000, 0x0000000706800000|100%| O|  |TAMS 0x0000000706800000, 0x0000000706700000| Untracked 
|  56|0x0000000706800000, 0x0000000706900000, 0x0000000706900000|100%| O|  |TAMS 0x0000000706900000, 0x0000000706800000| Untracked 
|  57|0x0000000706900000, 0x0000000706a00000, 0x0000000706a00000|100%| O|  |TAMS 0x0000000706a00000, 0x0000000706900000| Untracked 
|  58|0x0000000706a00000, 0x0000000706b00000, 0x0000000706b00000|100%| O|  |TAMS 0x0000000706b00000, 0x0000000706a00000| Untracked 
|  59|0x0000000706b00000, 0x0000000706c00000, 0x0000000706c00000|100%| O|  |TAMS 0x0000000706c00000, 0x0000000706b00000| Untracked 
|  60|0x0000000706c00000, 0x0000000706d00000, 0x0000000706d00000|100%| O|  |TAMS 0x0000000706d00000, 0x0000000706c00000| Untracked 
|  61|0x0000000706d00000, 0x0000000706e00000, 0x0000000706e00000|100%| O|  |TAMS 0x0000000706e00000, 0x0000000706d00000| Untracked 
|  62|0x0000000706e00000, 0x0000000706f00000, 0x0000000706f00000|100%| O|  |TAMS 0x0000000706f00000, 0x0000000706e00000| Untracked 
|  63|0x0000000706f00000, 0x0000000707000000, 0x0000000707000000|100%| O|  |TAMS 0x0000000707000000, 0x0000000706f00000| Untracked 
|  64|0x0000000707000000, 0x0000000707100000, 0x0000000707100000|100%| O|  |TAMS 0x0000000707100000, 0x0000000707000000| Untracked 
|  65|0x0000000707100000, 0x0000000707200000, 0x0000000707200000|100%| O|  |TAMS 0x0000000707156200, 0x0000000707100000| Untracked 
|  66|0x0000000707200000, 0x0000000707300000, 0x0000000707300000|100%|HS|  |TAMS 0x0000000707200000, 0x0000000707200000| Complete 
|  67|0x0000000707300000, 0x0000000707400000, 0x0000000707400000|100%|HC|  |TAMS 0x0000000707300000, 0x0000000707300000| Complete 
|  68|0x0000000707400000, 0x0000000707500000, 0x0000000707500000|100%| O|  |TAMS 0x0000000707400000, 0x0000000707400000| Untracked 
|  69|0x0000000707500000, 0x0000000707600000, 0x0000000707600000|100%| O|  |TAMS 0x0000000707500000, 0x0000000707500000| Untracked 
|  70|0x0000000707600000, 0x0000000707700000, 0x0000000707700000|100%| O|  |TAMS 0x0000000707600000, 0x0000000707600000| Untracked 
|  71|0x0000000707700000, 0x0000000707800000, 0x0000000707800000|100%| O|  |TAMS 0x0000000707700000, 0x0000000707700000| Untracked 
|  72|0x0000000707800000, 0x0000000707900000, 0x0000000707900000|100%| O|  |TAMS 0x0000000707800000, 0x0000000707800000| Untracked 
|  73|0x0000000707900000, 0x0000000707a00000, 0x0000000707a00000|100%| O|  |TAMS 0x0000000707900000, 0x0000000707900000| Untracked 
|  74|0x0000000707a00000, 0x0000000707b00000, 0x0000000707b00000|100%| O|  |TAMS 0x0000000707a00000, 0x0000000707a00000| Untracked 
|  75|0x0000000707b00000, 0x0000000707c00000, 0x0000000707c00000|100%| O|  |TAMS 0x0000000707b00000, 0x0000000707b00000| Untracked 
|  76|0x0000000707c00000, 0x0000000707d00000, 0x0000000707d00000|100%| O|  |TAMS 0x0000000707c00000, 0x0000000707c00000| Untracked 
|  77|0x0000000707d00000, 0x0000000707e00000, 0x0000000707e00000|100%| O|  |TAMS 0x0000000707d00000, 0x0000000707d00000| Untracked 
|  78|0x0000000707e00000, 0x0000000707f00000, 0x0000000707f00000|100%| O|  |TAMS 0x0000000707e00000, 0x0000000707e00000| Untracked 
|  79|0x0000000707f00000, 0x0000000708000000, 0x0000000708000000|100%| O|  |TAMS 0x0000000707f00000, 0x0000000707f00000| Untracked 
|  80|0x0000000708000000, 0x0000000708100000, 0x0000000708100000|100%| O|  |TAMS 0x0000000708000000, 0x0000000708000000| Untracked 
|  81|0x0000000708100000, 0x0000000708200000, 0x0000000708200000|100%| O|  |TAMS 0x0000000708100000, 0x0000000708100000| Untracked 
|  82|0x0000000708200000, 0x0000000708300000, 0x0000000708300000|100%| O|  |TAMS 0x0000000708200000, 0x0000000708200000| Untracked 
|  83|0x0000000708300000, 0x0000000708400000, 0x0000000708400000|100%| O|  |TAMS 0x0000000708300000, 0x0000000708300000| Untracked 
|  84|0x0000000708400000, 0x000000070847e400, 0x0000000708500000| 49%| O|  |TAMS 0x0000000708400000, 0x0000000708400000| Untracked 
|  85|0x0000000708500000, 0x0000000708500000, 0x0000000708600000|  0%| F|  |TAMS 0x0000000708500000, 0x0000000708500000| Untracked 
|  86|0x0000000708600000, 0x0000000708600000, 0x0000000708700000|  0%| F|  |TAMS 0x0000000708600000, 0x0000000708600000| Untracked 
|  87|0x0000000708700000, 0x0000000708700000, 0x0000000708800000|  0%| F|  |TAMS 0x0000000708700000, 0x0000000708700000| Untracked 
|  88|0x0000000708800000, 0x0000000708800000, 0x0000000708900000|  0%| F|  |TAMS 0x0000000708800000, 0x0000000708800000| Untracked 
|  89|0x0000000708900000, 0x0000000708900000, 0x0000000708a00000|  0%| F|  |TAMS 0x0000000708900000, 0x0000000708900000| Untracked 
|  90|0x0000000708a00000, 0x0000000708a00000, 0x0000000708b00000|  0%| F|  |TAMS 0x0000000708a00000, 0x0000000708a00000| Untracked 
|  91|0x0000000708b00000, 0x0000000708b00000, 0x0000000708c00000|  0%| F|  |TAMS 0x0000000708b00000, 0x0000000708b00000| Untracked 
|  92|0x0000000708c00000, 0x0000000708c00000, 0x0000000708d00000|  0%| F|  |TAMS 0x0000000708c00000, 0x0000000708c00000| Untracked 
|  93|0x0000000708d00000, 0x0000000708d00000, 0x0000000708e00000|  0%| F|  |TAMS 0x0000000708d00000, 0x0000000708d00000| Untracked 
|  94|0x0000000708e00000, 0x0000000708e00000, 0x0000000708f00000|  0%| F|  |TAMS 0x0000000708e00000, 0x0000000708e00000| Untracked 
|  95|0x0000000708f00000, 0x0000000708f00000, 0x0000000709000000|  0%| F|  |TAMS 0x0000000708f00000, 0x0000000708f00000| Untracked 
|  96|0x0000000709000000, 0x0000000709000000, 0x0000000709100000|  0%| F|  |TAMS 0x0000000709000000, 0x0000000709000000| Untracked 
|  97|0x0000000709100000, 0x0000000709100000, 0x0000000709200000|  0%| F|  |TAMS 0x0000000709100000, 0x0000000709100000| Untracked 
|  98|0x0000000709200000, 0x0000000709200000, 0x0000000709300000|  0%| F|  |TAMS 0x0000000709200000, 0x0000000709200000| Untracked 
|  99|0x0000000709300000, 0x0000000709300000, 0x0000000709400000|  0%| F|  |TAMS 0x0000000709300000, 0x0000000709300000| Untracked 
| 100|0x0000000709400000, 0x0000000709400000, 0x0000000709500000|  0%| F|  |TAMS 0x0000000709400000, 0x0000000709400000| Untracked 
| 101|0x0000000709500000, 0x0000000709500000, 0x0000000709600000|  0%| F|  |TAMS 0x0000000709500000, 0x0000000709500000| Untracked 
| 102|0x0000000709600000, 0x0000000709600000, 0x0000000709700000|  0%| F|  |TAMS 0x0000000709600000, 0x0000000709600000| Untracked 
| 103|0x0000000709700000, 0x0000000709700000, 0x0000000709800000|  0%| F|  |TAMS 0x0000000709700000, 0x0000000709700000| Untracked 
| 104|0x0000000709800000, 0x0000000709800000, 0x0000000709900000|  0%| F|  |TAMS 0x0000000709800000, 0x0000000709800000| Untracked 
| 105|0x0000000709900000, 0x0000000709900000, 0x0000000709a00000|  0%| F|  |TAMS 0x0000000709900000, 0x0000000709900000| Untracked 
| 106|0x0000000709a00000, 0x0000000709a00000, 0x0000000709b00000|  0%| F|  |TAMS 0x0000000709a00000, 0x0000000709a00000| Untracked 
| 107|0x0000000709b00000, 0x0000000709b00000, 0x0000000709c00000|  0%| F|  |TAMS 0x0000000709b00000, 0x0000000709b00000| Untracked 
| 108|0x0000000709c00000, 0x0000000709c00000, 0x0000000709d00000|  0%| F|  |TAMS 0x0000000709c00000, 0x0000000709c00000| Untracked 
| 109|0x0000000709d00000, 0x0000000709d00000, 0x0000000709e00000|  0%| F|  |TAMS 0x0000000709d00000, 0x0000000709d00000| Untracked 
| 110|0x0000000709e00000, 0x0000000709e00000, 0x0000000709f00000|  0%| F|  |TAMS 0x0000000709e00000, 0x0000000709e00000| Untracked 
| 111|0x0000000709f00000, 0x0000000709f00000, 0x000000070a000000|  0%| F|  |TAMS 0x0000000709f00000, 0x0000000709f00000| Untracked 
| 112|0x000000070a000000, 0x000000070a000000, 0x000000070a100000|  0%| F|  |TAMS 0x000000070a000000, 0x000000070a000000| Untracked 
| 113|0x000000070a100000, 0x000000070a100000, 0x000000070a200000|  0%| F|  |TAMS 0x000000070a100000, 0x000000070a100000| Untracked 
| 114|0x000000070a200000, 0x000000070a200000, 0x000000070a300000|  0%| F|  |TAMS 0x000000070a200000, 0x000000070a200000| Untracked 
| 115|0x000000070a300000, 0x000000070a300000, 0x000000070a400000|  0%| F|  |TAMS 0x000000070a300000, 0x000000070a300000| Untracked 
| 116|0x000000070a400000, 0x000000070a400000, 0x000000070a500000|  0%| F|  |TAMS 0x000000070a400000, 0x000000070a400000| Untracked 
| 117|0x000000070a500000, 0x000000070a500000, 0x000000070a600000|  0%| F|  |TAMS 0x000000070a500000, 0x000000070a500000| Untracked 
| 118|0x000000070a600000, 0x000000070a600000, 0x000000070a700000|  0%| F|  |TAMS 0x000000070a600000, 0x000000070a600000| Untracked 
| 119|0x000000070a700000, 0x000000070a700000, 0x000000070a800000|  0%| F|  |TAMS 0x000000070a700000, 0x000000070a700000| Untracked 
| 120|0x000000070a800000, 0x000000070a800000, 0x000000070a900000|  0%| F|  |TAMS 0x000000070a800000, 0x000000070a800000| Untracked 
| 121|0x000000070a900000, 0x000000070a900000, 0x000000070aa00000|  0%| F|  |TAMS 0x000000070a900000, 0x000000070a900000| Untracked 
| 122|0x000000070aa00000, 0x000000070aa00000, 0x000000070ab00000|  0%| F|  |TAMS 0x000000070aa00000, 0x000000070aa00000| Untracked 
| 123|0x000000070ab00000, 0x000000070ab00000, 0x000000070ac00000|  0%| F|  |TAMS 0x000000070ab00000, 0x000000070ab00000| Untracked 
| 124|0x000000070ac00000, 0x000000070ac00000, 0x000000070ad00000|  0%| F|  |TAMS 0x000000070ac00000, 0x000000070ac00000| Untracked 
| 125|0x000000070ad00000, 0x000000070ad00000, 0x000000070ae00000|  0%| F|  |TAMS 0x000000070ad00000, 0x000000070ad00000| Untracked 
| 126|0x000000070ae00000, 0x000000070ae00000, 0x000000070af00000|  0%| F|  |TAMS 0x000000070ae00000, 0x000000070ae00000| Untracked 
| 127|0x000000070af00000, 0x000000070af00000, 0x000000070b000000|  0%| F|  |TAMS 0x000000070af00000, 0x000000070af00000| Untracked 
| 128|0x000000070b000000, 0x000000070b000000, 0x000000070b100000|  0%| F|  |TAMS 0x000000070b000000, 0x000000070b000000| Untracked 
| 129|0x000000070b100000, 0x000000070b100000, 0x000000070b200000|  0%| F|  |TAMS 0x000000070b100000, 0x000000070b100000| Untracked 
| 130|0x000000070b200000, 0x000000070b200000, 0x000000070b300000|  0%| F|  |TAMS 0x000000070b200000, 0x000000070b200000| Untracked 
| 131|0x000000070b300000, 0x000000070b300000, 0x000000070b400000|  0%| F|  |TAMS 0x000000070b300000, 0x000000070b300000| Untracked 
| 132|0x000000070b400000, 0x000000070b400000, 0x000000070b500000|  0%| F|  |TAMS 0x000000070b400000, 0x000000070b400000| Untracked 
| 133|0x000000070b500000, 0x000000070b500000, 0x000000070b600000|  0%| F|  |TAMS 0x000000070b500000, 0x000000070b500000| Untracked 
| 134|0x000000070b600000, 0x000000070b600000, 0x000000070b700000|  0%| F|  |TAMS 0x000000070b600000, 0x000000070b600000| Untracked 
| 135|0x000000070b700000, 0x000000070b700000, 0x000000070b800000|  0%| F|  |TAMS 0x000000070b700000, 0x000000070b700000| Untracked 
| 136|0x000000070b800000, 0x000000070b800000, 0x000000070b900000|  0%| F|  |TAMS 0x000000070b800000, 0x000000070b800000| Untracked 
| 137|0x000000070b900000, 0x000000070b900000, 0x000000070ba00000|  0%| F|  |TAMS 0x000000070b900000, 0x000000070b900000| Untracked 
| 138|0x000000070ba00000, 0x000000070ba00000, 0x000000070bb00000|  0%| F|  |TAMS 0x000000070ba00000, 0x000000070ba00000| Untracked 
| 139|0x000000070bb00000, 0x000000070bb00000, 0x000000070bc00000|  0%| F|  |TAMS 0x000000070bb00000, 0x000000070bb00000| Untracked 
| 140|0x000000070bc00000, 0x000000070bc00000, 0x000000070bd00000|  0%| F|  |TAMS 0x000000070bc00000, 0x000000070bc00000| Untracked 
| 141|0x000000070bd00000, 0x000000070bd00000, 0x000000070be00000|  0%| F|  |TAMS 0x000000070bd00000, 0x000000070bd00000| Untracked 
| 142|0x000000070be00000, 0x000000070be00000, 0x000000070bf00000|  0%| F|  |TAMS 0x000000070be00000, 0x000000070be00000| Untracked 
| 143|0x000000070bf00000, 0x000000070bf00000, 0x000000070c000000|  0%| F|  |TAMS 0x000000070bf00000, 0x000000070bf00000| Untracked 
| 144|0x000000070c000000, 0x000000070c000000, 0x000000070c100000|  0%| F|  |TAMS 0x000000070c000000, 0x000000070c000000| Untracked 
| 145|0x000000070c100000, 0x000000070c100000, 0x000000070c200000|  0%| F|  |TAMS 0x000000070c100000, 0x000000070c100000| Untracked 
| 146|0x000000070c200000, 0x000000070c200000, 0x000000070c300000|  0%| F|  |TAMS 0x000000070c200000, 0x000000070c200000| Untracked 
| 147|0x000000070c300000, 0x000000070c300000, 0x000000070c400000|  0%| F|  |TAMS 0x000000070c300000, 0x000000070c300000| Untracked 
| 148|0x000000070c400000, 0x000000070c400000, 0x000000070c500000|  0%| F|  |TAMS 0x000000070c400000, 0x000000070c400000| Untracked 
| 149|0x000000070c500000, 0x000000070c500000, 0x000000070c600000|  0%| F|  |TAMS 0x000000070c500000, 0x000000070c500000| Untracked 
| 150|0x000000070c600000, 0x000000070c600000, 0x000000070c700000|  0%| F|  |TAMS 0x000000070c600000, 0x000000070c600000| Untracked 
| 151|0x000000070c700000, 0x000000070c700000, 0x000000070c800000|  0%| F|  |TAMS 0x000000070c700000, 0x000000070c700000| Untracked 
| 152|0x000000070c800000, 0x000000070c800000, 0x000000070c900000|  0%| F|  |TAMS 0x000000070c800000, 0x000000070c800000| Untracked 
| 153|0x000000070c900000, 0x000000070c900000, 0x000000070ca00000|  0%| F|  |TAMS 0x000000070c900000, 0x000000070c900000| Untracked 
| 154|0x000000070ca00000, 0x000000070ca00000, 0x000000070cb00000|  0%| F|  |TAMS 0x000000070ca00000, 0x000000070ca00000| Untracked 
| 155|0x000000070cb00000, 0x000000070cb00000, 0x000000070cc00000|  0%| F|  |TAMS 0x000000070cb00000, 0x000000070cb00000| Untracked 
| 156|0x000000070cc00000, 0x000000070cc00000, 0x000000070cd00000|  0%| F|  |TAMS 0x000000070cc00000, 0x000000070cc00000| Untracked 
| 157|0x000000070cd00000, 0x000000070cd00000, 0x000000070ce00000|  0%| F|  |TAMS 0x000000070cd00000, 0x000000070cd00000| Untracked 
| 158|0x000000070ce00000, 0x000000070ce00000, 0x000000070cf00000|  0%| F|  |TAMS 0x000000070ce00000, 0x000000070ce00000| Untracked 
| 159|0x000000070cf00000, 0x000000070cf00000, 0x000000070d000000|  0%| F|  |TAMS 0x000000070cf00000, 0x000000070cf00000| Untracked 
| 160|0x000000070d000000, 0x000000070d000000, 0x000000070d100000|  0%| F|  |TAMS 0x000000070d000000, 0x000000070d000000| Untracked 
| 161|0x000000070d100000, 0x000000070d100000, 0x000000070d200000|  0%| F|  |TAMS 0x000000070d100000, 0x000000070d100000| Untracked 
| 162|0x000000070d200000, 0x000000070d200000, 0x000000070d300000|  0%| F|  |TAMS 0x000000070d200000, 0x000000070d200000| Untracked 
| 163|0x000000070d300000, 0x000000070d300000, 0x000000070d400000|  0%| F|  |TAMS 0x000000070d300000, 0x000000070d300000| Untracked 
| 164|0x000000070d400000, 0x000000070d400000, 0x000000070d500000|  0%| F|  |TAMS 0x000000070d400000, 0x000000070d400000| Untracked 
| 165|0x000000070d500000, 0x000000070d500000, 0x000000070d600000|  0%| F|  |TAMS 0x000000070d500000, 0x000000070d500000| Untracked 
| 166|0x000000070d600000, 0x000000070d600000, 0x000000070d700000|  0%| F|  |TAMS 0x000000070d600000, 0x000000070d600000| Untracked 
| 167|0x000000070d700000, 0x000000070d700000, 0x000000070d800000|  0%| F|  |TAMS 0x000000070d700000, 0x000000070d700000| Untracked 
| 168|0x000000070d800000, 0x000000070d800000, 0x000000070d900000|  0%| F|  |TAMS 0x000000070d800000, 0x000000070d800000| Untracked 
| 169|0x000000070d900000, 0x000000070d900000, 0x000000070da00000|  0%| F|  |TAMS 0x000000070d900000, 0x000000070d900000| Untracked 
| 170|0x000000070da00000, 0x000000070da00000, 0x000000070db00000|  0%| F|  |TAMS 0x000000070da00000, 0x000000070da00000| Untracked 
| 171|0x000000070db00000, 0x000000070db00000, 0x000000070dc00000|  0%| F|  |TAMS 0x000000070db00000, 0x000000070db00000| Untracked 
| 172|0x000000070dc00000, 0x000000070dc00000, 0x000000070dd00000|  0%| F|  |TAMS 0x000000070dc00000, 0x000000070dc00000| Untracked 
| 173|0x000000070dd00000, 0x000000070dd00000, 0x000000070de00000|  0%| F|  |TAMS 0x000000070dd00000, 0x000000070dd00000| Untracked 
| 174|0x000000070de00000, 0x000000070de00000, 0x000000070df00000|  0%| F|  |TAMS 0x000000070de00000, 0x000000070de00000| Untracked 
| 175|0x000000070df00000, 0x000000070df00000, 0x000000070e000000|  0%| F|  |TAMS 0x000000070df00000, 0x000000070df00000| Untracked 
| 176|0x000000070e000000, 0x000000070e000000, 0x000000070e100000|  0%| F|  |TAMS 0x000000070e000000, 0x000000070e000000| Untracked 
| 177|0x000000070e100000, 0x000000070e100000, 0x000000070e200000|  0%| F|  |TAMS 0x000000070e100000, 0x000000070e100000| Untracked 
| 178|0x000000070e200000, 0x000000070e200000, 0x000000070e300000|  0%| F|  |TAMS 0x000000070e200000, 0x000000070e200000| Untracked 
| 179|0x000000070e300000, 0x000000070e300000, 0x000000070e400000|  0%| F|  |TAMS 0x000000070e300000, 0x000000070e300000| Untracked 
| 180|0x000000070e400000, 0x000000070e400000, 0x000000070e500000|  0%| F|  |TAMS 0x000000070e400000, 0x000000070e400000| Untracked 
| 181|0x000000070e500000, 0x000000070e500000, 0x000000070e600000|  0%| F|  |TAMS 0x000000070e500000, 0x000000070e500000| Untracked 
| 182|0x000000070e600000, 0x000000070e600000, 0x000000070e700000|  0%| F|  |TAMS 0x000000070e600000, 0x000000070e600000| Untracked 
| 183|0x000000070e700000, 0x000000070e700000, 0x000000070e800000|  0%| F|  |TAMS 0x000000070e700000, 0x000000070e700000| Untracked 
| 184|0x000000070e800000, 0x000000070e800000, 0x000000070e900000|  0%| F|  |TAMS 0x000000070e800000, 0x000000070e800000| Untracked 
| 185|0x000000070e900000, 0x000000070e978328, 0x000000070ea00000| 46%| S|CS|TAMS 0x000000070e900000, 0x000000070e900000| Complete 
| 186|0x000000070ea00000, 0x000000070eb00000, 0x000000070eb00000|100%| S|CS|TAMS 0x000000070ea00000, 0x000000070ea00000| Complete 
| 187|0x000000070eb00000, 0x000000070ec00000, 0x000000070ec00000|100%| S|CS|TAMS 0x000000070eb00000, 0x000000070eb00000| Complete 
| 188|0x000000070ec00000, 0x000000070ed00000, 0x000000070ed00000|100%| S|CS|TAMS 0x000000070ec00000, 0x000000070ec00000| Complete 
| 189|0x000000070ed00000, 0x000000070ee00000, 0x000000070ee00000|100%| S|CS|TAMS 0x000000070ed00000, 0x000000070ed00000| Complete 
| 190|0x000000070ee00000, 0x000000070ef00000, 0x000000070ef00000|100%| S|CS|TAMS 0x000000070ee00000, 0x000000070ee00000| Complete 
| 191|0x000000070ef00000, 0x000000070f000000, 0x000000070f000000|100%| S|CS|TAMS 0x000000070ef00000, 0x000000070ef00000| Complete 
| 192|0x000000070f000000, 0x000000070f100000, 0x000000070f100000|100%| S|CS|TAMS 0x000000070f000000, 0x000000070f000000| Complete 
| 193|0x000000070f100000, 0x000000070f200000, 0x000000070f200000|100%| S|CS|TAMS 0x000000070f100000, 0x000000070f100000| Complete 
| 194|0x000000070f200000, 0x000000070f300000, 0x000000070f300000|100%| S|CS|TAMS 0x000000070f200000, 0x000000070f200000| Complete 
| 195|0x000000070f300000, 0x000000070f400000, 0x000000070f400000|100%| S|CS|TAMS 0x000000070f300000, 0x000000070f300000| Complete 
| 196|0x000000070f400000, 0x000000070f500000, 0x000000070f500000|100%| S|CS|TAMS 0x000000070f400000, 0x000000070f400000| Complete 
| 197|0x000000070f500000, 0x000000070f600000, 0x000000070f600000|100%| S|CS|TAMS 0x000000070f500000, 0x000000070f500000| Complete 
| 198|0x000000070f600000, 0x000000070f600000, 0x000000070f700000|  0%| F|  |TAMS 0x000000070f600000, 0x000000070f600000| Untracked 
| 199|0x000000070f700000, 0x000000070f700000, 0x000000070f800000|  0%| F|  |TAMS 0x000000070f700000, 0x000000070f700000| Untracked 
| 200|0x000000070f800000, 0x000000070f800000, 0x000000070f900000|  0%| F|  |TAMS 0x000000070f800000, 0x000000070f800000| Untracked 
| 201|0x000000070f900000, 0x000000070f900000, 0x000000070fa00000|  0%| F|  |TAMS 0x000000070f900000, 0x000000070f900000| Untracked 
| 202|0x000000070fa00000, 0x000000070fa00000, 0x000000070fb00000|  0%| F|  |TAMS 0x000000070fa00000, 0x000000070fa00000| Untracked 
| 203|0x000000070fb00000, 0x000000070fb00000, 0x000000070fc00000|  0%| F|  |TAMS 0x000000070fb00000, 0x000000070fb00000| Untracked 
| 204|0x000000070fc00000, 0x000000070fc00000, 0x000000070fd00000|  0%| F|  |TAMS 0x000000070fc00000, 0x000000070fc00000| Untracked 
| 205|0x000000070fd00000, 0x000000070fd00000, 0x000000070fe00000|  0%| F|  |TAMS 0x000000070fd00000, 0x000000070fd00000| Untracked 
| 206|0x000000070fe00000, 0x000000070fe00000, 0x000000070ff00000|  0%| F|  |TAMS 0x000000070fe00000, 0x000000070fe00000| Untracked 
| 207|0x000000070ff00000, 0x000000070ff00000, 0x0000000710000000|  0%| F|  |TAMS 0x000000070ff00000, 0x000000070ff00000| Untracked 
| 208|0x0000000710000000, 0x0000000710000000, 0x0000000710100000|  0%| F|  |TAMS 0x0000000710000000, 0x0000000710000000| Untracked 
| 209|0x0000000710100000, 0x0000000710100000, 0x0000000710200000|  0%| F|  |TAMS 0x0000000710100000, 0x0000000710100000| Untracked 
| 210|0x0000000710200000, 0x0000000710200000, 0x0000000710300000|  0%| F|  |TAMS 0x0000000710200000, 0x0000000710200000| Untracked 
| 211|0x0000000710300000, 0x0000000710300000, 0x0000000710400000|  0%| F|  |TAMS 0x0000000710300000, 0x0000000710300000| Untracked 
| 212|0x0000000710400000, 0x0000000710400000, 0x0000000710500000|  0%| F|  |TAMS 0x0000000710400000, 0x0000000710400000| Untracked 
| 213|0x0000000710500000, 0x0000000710500000, 0x0000000710600000|  0%| F|  |TAMS 0x0000000710500000, 0x0000000710500000| Untracked 
| 214|0x0000000710600000, 0x0000000710600000, 0x0000000710700000|  0%| F|  |TAMS 0x0000000710600000, 0x0000000710600000| Untracked 
| 215|0x0000000710700000, 0x0000000710700000, 0x0000000710800000|  0%| F|  |TAMS 0x0000000710700000, 0x0000000710700000| Untracked 
| 216|0x0000000710800000, 0x0000000710800000, 0x0000000710900000|  0%| F|  |TAMS 0x0000000710800000, 0x0000000710800000| Untracked 
| 217|0x0000000710900000, 0x0000000710900000, 0x0000000710a00000|  0%| F|  |TAMS 0x0000000710900000, 0x0000000710900000| Untracked 
| 218|0x0000000710a00000, 0x0000000710a00000, 0x0000000710b00000|  0%| F|  |TAMS 0x0000000710a00000, 0x0000000710a00000| Untracked 
| 219|0x0000000710b00000, 0x0000000710b00000, 0x0000000710c00000|  0%| F|  |TAMS 0x0000000710b00000, 0x0000000710b00000| Untracked 
| 220|0x0000000710c00000, 0x0000000710c00000, 0x0000000710d00000|  0%| F|  |TAMS 0x0000000710c00000, 0x0000000710c00000| Untracked 
| 221|0x0000000710d00000, 0x0000000710d00000, 0x0000000710e00000|  0%| F|  |TAMS 0x0000000710d00000, 0x0000000710d00000| Untracked 
| 222|0x0000000710e00000, 0x0000000710e00000, 0x0000000710f00000|  0%| F|  |TAMS 0x0000000710e00000, 0x0000000710e00000| Untracked 
| 223|0x0000000710f00000, 0x0000000710f00000, 0x0000000711000000|  0%| F|  |TAMS 0x0000000710f00000, 0x0000000710f00000| Untracked 
| 224|0x0000000711000000, 0x0000000711000000, 0x0000000711100000|  0%| F|  |TAMS 0x0000000711000000, 0x0000000711000000| Untracked 
| 225|0x0000000711100000, 0x0000000711100000, 0x0000000711200000|  0%| F|  |TAMS 0x0000000711100000, 0x0000000711100000| Untracked 
| 226|0x0000000711200000, 0x0000000711200000, 0x0000000711300000|  0%| F|  |TAMS 0x0000000711200000, 0x0000000711200000| Untracked 
| 227|0x0000000711300000, 0x0000000711300000, 0x0000000711400000|  0%| F|  |TAMS 0x0000000711300000, 0x0000000711300000| Untracked 
| 228|0x0000000711400000, 0x0000000711400000, 0x0000000711500000|  0%| F|  |TAMS 0x0000000711400000, 0x0000000711400000| Untracked 
| 229|0x0000000711500000, 0x0000000711500000, 0x0000000711600000|  0%| F|  |TAMS 0x0000000711500000, 0x0000000711500000| Untracked 
| 230|0x0000000711600000, 0x0000000711600000, 0x0000000711700000|  0%| F|  |TAMS 0x0000000711600000, 0x0000000711600000| Untracked 
| 231|0x0000000711700000, 0x0000000711700000, 0x0000000711800000|  0%| F|  |TAMS 0x0000000711700000, 0x0000000711700000| Untracked 
| 232|0x0000000711800000, 0x0000000711800000, 0x0000000711900000|  0%| F|  |TAMS 0x0000000711800000, 0x0000000711800000| Untracked 
| 233|0x0000000711900000, 0x0000000711900000, 0x0000000711a00000|  0%| F|  |TAMS 0x0000000711900000, 0x0000000711900000| Untracked 
| 234|0x0000000711a00000, 0x0000000711a00000, 0x0000000711b00000|  0%| F|  |TAMS 0x0000000711a00000, 0x0000000711a00000| Untracked 
| 235|0x0000000711b00000, 0x0000000711b00000, 0x0000000711c00000|  0%| F|  |TAMS 0x0000000711b00000, 0x0000000711b00000| Untracked 
| 236|0x0000000711c00000, 0x0000000711c00000, 0x0000000711d00000|  0%| F|  |TAMS 0x0000000711c00000, 0x0000000711c00000| Untracked 
| 237|0x0000000711d00000, 0x0000000711d00000, 0x0000000711e00000|  0%| F|  |TAMS 0x0000000711d00000, 0x0000000711d00000| Untracked 
| 238|0x0000000711e00000, 0x0000000711e00000, 0x0000000711f00000|  0%| F|  |TAMS 0x0000000711e00000, 0x0000000711e00000| Untracked 
| 239|0x0000000711f00000, 0x0000000711f00000, 0x0000000712000000|  0%| F|  |TAMS 0x0000000711f00000, 0x0000000711f00000| Untracked 
| 240|0x0000000712000000, 0x0000000712000000, 0x0000000712100000|  0%| F|  |TAMS 0x0000000712000000, 0x0000000712000000| Untracked 
| 241|0x0000000712100000, 0x0000000712100000, 0x0000000712200000|  0%| F|  |TAMS 0x0000000712100000, 0x0000000712100000| Untracked 
| 242|0x0000000712200000, 0x0000000712200000, 0x0000000712300000|  0%| F|  |TAMS 0x0000000712200000, 0x0000000712200000| Untracked 
| 243|0x0000000712300000, 0x0000000712300000, 0x0000000712400000|  0%| F|  |TAMS 0x0000000712300000, 0x0000000712300000| Untracked 
| 244|0x0000000712400000, 0x0000000712400000, 0x0000000712500000|  0%| F|  |TAMS 0x0000000712400000, 0x0000000712400000| Untracked 
| 245|0x0000000712500000, 0x0000000712500000, 0x0000000712600000|  0%| F|  |TAMS 0x0000000712500000, 0x0000000712500000| Untracked 
| 246|0x0000000712600000, 0x0000000712600000, 0x0000000712700000|  0%| F|  |TAMS 0x0000000712600000, 0x0000000712600000| Untracked 
| 247|0x0000000712700000, 0x0000000712700000, 0x0000000712800000|  0%| F|  |TAMS 0x0000000712700000, 0x0000000712700000| Untracked 
| 248|0x0000000712800000, 0x0000000712800000, 0x0000000712900000|  0%| F|  |TAMS 0x0000000712800000, 0x0000000712800000| Untracked 
| 249|0x0000000712900000, 0x0000000712900000, 0x0000000712a00000|  0%| F|  |TAMS 0x0000000712900000, 0x0000000712900000| Untracked 
| 250|0x0000000712a00000, 0x0000000712a00000, 0x0000000712b00000|  0%| F|  |TAMS 0x0000000712a00000, 0x0000000712a00000| Untracked 
| 251|0x0000000712b00000, 0x0000000712b00000, 0x0000000712c00000|  0%| F|  |TAMS 0x0000000712b00000, 0x0000000712b00000| Untracked 
| 252|0x0000000712c00000, 0x0000000712c00000, 0x0000000712d00000|  0%| F|  |TAMS 0x0000000712c00000, 0x0000000712c00000| Untracked 
| 253|0x0000000712d00000, 0x0000000712d00000, 0x0000000712e00000|  0%| F|  |TAMS 0x0000000712d00000, 0x0000000712d00000| Untracked 
| 254|0x0000000712e00000, 0x0000000712e00000, 0x0000000712f00000|  0%| F|  |TAMS 0x0000000712e00000, 0x0000000712e00000| Untracked 
| 255|0x0000000712f00000, 0x0000000712f00000, 0x0000000713000000|  0%| F|  |TAMS 0x0000000712f00000, 0x0000000712f00000| Untracked 
| 256|0x0000000713000000, 0x0000000713000000, 0x0000000713100000|  0%| F|  |TAMS 0x0000000713000000, 0x0000000713000000| Untracked 
| 257|0x0000000713100000, 0x0000000713100000, 0x0000000713200000|  0%| F|  |TAMS 0x0000000713100000, 0x0000000713100000| Untracked 
| 258|0x0000000713200000, 0x0000000713200000, 0x0000000713300000|  0%| F|  |TAMS 0x0000000713200000, 0x0000000713200000| Untracked 
| 259|0x0000000713300000, 0x0000000713300000, 0x0000000713400000|  0%| F|  |TAMS 0x0000000713300000, 0x0000000713300000| Untracked 
| 260|0x0000000713400000, 0x0000000713400000, 0x0000000713500000|  0%| F|  |TAMS 0x0000000713400000, 0x0000000713400000| Untracked 
| 261|0x0000000713500000, 0x0000000713500000, 0x0000000713600000|  0%| F|  |TAMS 0x0000000713500000, 0x0000000713500000| Untracked 
| 262|0x0000000713600000, 0x0000000713600000, 0x0000000713700000|  0%| F|  |TAMS 0x0000000713600000, 0x0000000713600000| Untracked 
| 263|0x0000000713700000, 0x0000000713700000, 0x0000000713800000|  0%| F|  |TAMS 0x0000000713700000, 0x0000000713700000| Untracked 
| 264|0x0000000713800000, 0x0000000713800000, 0x0000000713900000|  0%| F|  |TAMS 0x0000000713800000, 0x0000000713800000| Untracked 
| 265|0x0000000713900000, 0x0000000713900000, 0x0000000713a00000|  0%| F|  |TAMS 0x0000000713900000, 0x0000000713900000| Untracked 
| 266|0x0000000713a00000, 0x0000000713a00000, 0x0000000713b00000|  0%| F|  |TAMS 0x0000000713a00000, 0x0000000713a00000| Untracked 
| 267|0x0000000713b00000, 0x0000000713b00000, 0x0000000713c00000|  0%| F|  |TAMS 0x0000000713b00000, 0x0000000713b00000| Untracked 
| 268|0x0000000713c00000, 0x0000000713c00000, 0x0000000713d00000|  0%| F|  |TAMS 0x0000000713c00000, 0x0000000713c00000| Untracked 
| 269|0x0000000713d00000, 0x0000000713d00000, 0x0000000713e00000|  0%| F|  |TAMS 0x0000000713d00000, 0x0000000713d00000| Untracked 
| 270|0x0000000713e00000, 0x0000000713e00000, 0x0000000713f00000|  0%| F|  |TAMS 0x0000000713e00000, 0x0000000713e00000| Untracked 
| 271|0x0000000713f00000, 0x0000000713f00000, 0x0000000714000000|  0%| F|  |TAMS 0x0000000713f00000, 0x0000000713f00000| Untracked 
| 272|0x0000000714000000, 0x0000000714000000, 0x0000000714100000|  0%| F|  |TAMS 0x0000000714000000, 0x0000000714000000| Untracked 
| 273|0x0000000714100000, 0x0000000714100000, 0x0000000714200000|  0%| F|  |TAMS 0x0000000714100000, 0x0000000714100000| Untracked 
| 274|0x0000000714200000, 0x0000000714200000, 0x0000000714300000|  0%| F|  |TAMS 0x0000000714200000, 0x0000000714200000| Untracked 
| 275|0x0000000714300000, 0x0000000714300000, 0x0000000714400000|  0%| F|  |TAMS 0x0000000714300000, 0x0000000714300000| Untracked 
| 276|0x0000000714400000, 0x0000000714400000, 0x0000000714500000|  0%| F|  |TAMS 0x0000000714400000, 0x0000000714400000| Untracked 
| 277|0x0000000714500000, 0x0000000714500000, 0x0000000714600000|  0%| F|  |TAMS 0x0000000714500000, 0x0000000714500000| Untracked 
| 278|0x0000000714600000, 0x0000000714600000, 0x0000000714700000|  0%| F|  |TAMS 0x0000000714600000, 0x0000000714600000| Untracked 
| 279|0x0000000714700000, 0x0000000714700000, 0x0000000714800000|  0%| F|  |TAMS 0x0000000714700000, 0x0000000714700000| Untracked 
| 280|0x0000000714800000, 0x0000000714800000, 0x0000000714900000|  0%| F|  |TAMS 0x0000000714800000, 0x0000000714800000| Untracked 
| 281|0x0000000714900000, 0x0000000714900000, 0x0000000714a00000|  0%| F|  |TAMS 0x0000000714900000, 0x0000000714900000| Untracked 
| 282|0x0000000714a00000, 0x0000000714a00000, 0x0000000714b00000|  0%| F|  |TAMS 0x0000000714a00000, 0x0000000714a00000| Untracked 
| 283|0x0000000714b00000, 0x0000000714b00000, 0x0000000714c00000|  0%| F|  |TAMS 0x0000000714b00000, 0x0000000714b00000| Untracked 
| 284|0x0000000714c00000, 0x0000000714c00000, 0x0000000714d00000|  0%| F|  |TAMS 0x0000000714c00000, 0x0000000714c00000| Untracked 
| 285|0x0000000714d00000, 0x0000000714d00000, 0x0000000714e00000|  0%| F|  |TAMS 0x0000000714d00000, 0x0000000714d00000| Untracked 
| 286|0x0000000714e00000, 0x0000000714e00000, 0x0000000714f00000|  0%| F|  |TAMS 0x0000000714e00000, 0x0000000714e00000| Untracked 
| 287|0x0000000714f00000, 0x0000000714f00000, 0x0000000715000000|  0%| F|  |TAMS 0x0000000714f00000, 0x0000000714f00000| Untracked 
| 288|0x0000000715000000, 0x0000000715000000, 0x0000000715100000|  0%| F|  |TAMS 0x0000000715000000, 0x0000000715000000| Untracked 
| 289|0x0000000715100000, 0x0000000715100000, 0x0000000715200000|  0%| F|  |TAMS 0x0000000715100000, 0x0000000715100000| Untracked 
| 290|0x0000000715200000, 0x0000000715200000, 0x0000000715300000|  0%| F|  |TAMS 0x0000000715200000, 0x0000000715200000| Untracked 
| 291|0x0000000715300000, 0x0000000715300000, 0x0000000715400000|  0%| F|  |TAMS 0x0000000715300000, 0x0000000715300000| Untracked 
| 292|0x0000000715400000, 0x0000000715400000, 0x0000000715500000|  0%| F|  |TAMS 0x0000000715400000, 0x0000000715400000| Untracked 
| 293|0x0000000715500000, 0x0000000715500000, 0x0000000715600000|  0%| F|  |TAMS 0x0000000715500000, 0x0000000715500000| Untracked 
| 294|0x0000000715600000, 0x0000000715600000, 0x0000000715700000|  0%| F|  |TAMS 0x0000000715600000, 0x0000000715600000| Untracked 
| 295|0x0000000715700000, 0x0000000715700000, 0x0000000715800000|  0%| F|  |TAMS 0x0000000715700000, 0x0000000715700000| Untracked 
| 296|0x0000000715800000, 0x0000000715800000, 0x0000000715900000|  0%| F|  |TAMS 0x0000000715800000, 0x0000000715800000| Untracked 
| 297|0x0000000715900000, 0x0000000715900000, 0x0000000715a00000|  0%| F|  |TAMS 0x0000000715900000, 0x0000000715900000| Untracked 
| 298|0x0000000715a00000, 0x0000000715a00000, 0x0000000715b00000|  0%| F|  |TAMS 0x0000000715a00000, 0x0000000715a00000| Untracked 
| 299|0x0000000715b00000, 0x0000000715b00000, 0x0000000715c00000|  0%| F|  |TAMS 0x0000000715b00000, 0x0000000715b00000| Untracked 
| 300|0x0000000715c00000, 0x0000000715c00000, 0x0000000715d00000|  0%| F|  |TAMS 0x0000000715c00000, 0x0000000715c00000| Untracked 
| 301|0x0000000715d00000, 0x0000000715d00000, 0x0000000715e00000|  0%| F|  |TAMS 0x0000000715d00000, 0x0000000715d00000| Untracked 
| 302|0x0000000715e00000, 0x0000000715e00000, 0x0000000715f00000|  0%| F|  |TAMS 0x0000000715e00000, 0x0000000715e00000| Untracked 
| 303|0x0000000715f00000, 0x0000000715f00000, 0x0000000716000000|  0%| F|  |TAMS 0x0000000715f00000, 0x0000000715f00000| Untracked 
| 304|0x0000000716000000, 0x0000000716000000, 0x0000000716100000|  0%| F|  |TAMS 0x0000000716000000, 0x0000000716000000| Untracked 
| 305|0x0000000716100000, 0x0000000716100000, 0x0000000716200000|  0%| F|  |TAMS 0x0000000716100000, 0x0000000716100000| Untracked 
| 306|0x0000000716200000, 0x0000000716200000, 0x0000000716300000|  0%| F|  |TAMS 0x0000000716200000, 0x0000000716200000| Untracked 
| 307|0x0000000716300000, 0x0000000716300000, 0x0000000716400000|  0%| F|  |TAMS 0x0000000716300000, 0x0000000716300000| Untracked 
| 308|0x0000000716400000, 0x0000000716400000, 0x0000000716500000|  0%| F|  |TAMS 0x0000000716400000, 0x0000000716400000| Untracked 
| 309|0x0000000716500000, 0x0000000716500000, 0x0000000716600000|  0%| F|  |TAMS 0x0000000716500000, 0x0000000716500000| Untracked 
| 310|0x0000000716600000, 0x0000000716600000, 0x0000000716700000|  0%| F|  |TAMS 0x0000000716600000, 0x0000000716600000| Untracked 
| 311|0x0000000716700000, 0x0000000716700000, 0x0000000716800000|  0%| F|  |TAMS 0x0000000716700000, 0x0000000716700000| Untracked 
| 312|0x0000000716800000, 0x0000000716800000, 0x0000000716900000|  0%| F|  |TAMS 0x0000000716800000, 0x0000000716800000| Untracked 
| 313|0x0000000716900000, 0x0000000716900000, 0x0000000716a00000|  0%| F|  |TAMS 0x0000000716900000, 0x0000000716900000| Untracked 
| 314|0x0000000716a00000, 0x0000000716a00000, 0x0000000716b00000|  0%| F|  |TAMS 0x0000000716a00000, 0x0000000716a00000| Untracked 
| 315|0x0000000716b00000, 0x0000000716b00000, 0x0000000716c00000|  0%| F|  |TAMS 0x0000000716b00000, 0x0000000716b00000| Untracked 
| 316|0x0000000716c00000, 0x0000000716c00000, 0x0000000716d00000|  0%| F|  |TAMS 0x0000000716c00000, 0x0000000716c00000| Untracked 
| 317|0x0000000716d00000, 0x0000000716d00000, 0x0000000716e00000|  0%| F|  |TAMS 0x0000000716d00000, 0x0000000716d00000| Untracked 
| 318|0x0000000716e00000, 0x0000000716e00000, 0x0000000716f00000|  0%| F|  |TAMS 0x0000000716e00000, 0x0000000716e00000| Untracked 
| 319|0x0000000716f00000, 0x0000000716f00000, 0x0000000717000000|  0%| F|  |TAMS 0x0000000716f00000, 0x0000000716f00000| Untracked 
| 320|0x0000000717000000, 0x0000000717000000, 0x0000000717100000|  0%| F|  |TAMS 0x0000000717000000, 0x0000000717000000| Untracked 
| 321|0x0000000717100000, 0x0000000717100000, 0x0000000717200000|  0%| F|  |TAMS 0x0000000717100000, 0x0000000717100000| Untracked 
| 322|0x0000000717200000, 0x0000000717200000, 0x0000000717300000|  0%| F|  |TAMS 0x0000000717200000, 0x0000000717200000| Untracked 
| 323|0x0000000717300000, 0x0000000717300000, 0x0000000717400000|  0%| F|  |TAMS 0x0000000717300000, 0x0000000717300000| Untracked 
| 324|0x0000000717400000, 0x0000000717400000, 0x0000000717500000|  0%| F|  |TAMS 0x0000000717400000, 0x0000000717400000| Untracked 
| 325|0x0000000717500000, 0x0000000717500000, 0x0000000717600000|  0%| F|  |TAMS 0x0000000717500000, 0x0000000717500000| Untracked 
| 326|0x0000000717600000, 0x0000000717600000, 0x0000000717700000|  0%| F|  |TAMS 0x0000000717600000, 0x0000000717600000| Untracked 
| 327|0x0000000717700000, 0x0000000717700000, 0x0000000717800000|  0%| F|  |TAMS 0x0000000717700000, 0x0000000717700000| Untracked 
| 328|0x0000000717800000, 0x0000000717800000, 0x0000000717900000|  0%| F|  |TAMS 0x0000000717800000, 0x0000000717800000| Untracked 
| 329|0x0000000717900000, 0x0000000717900000, 0x0000000717a00000|  0%| F|  |TAMS 0x0000000717900000, 0x0000000717900000| Untracked 
| 330|0x0000000717a00000, 0x0000000717a00000, 0x0000000717b00000|  0%| F|  |TAMS 0x0000000717a00000, 0x0000000717a00000| Untracked 
| 331|0x0000000717b00000, 0x0000000717c00000, 0x0000000717c00000|100%| E|  |TAMS 0x0000000717b00000, 0x0000000717b00000| Complete 
| 332|0x0000000717c00000, 0x0000000717d00000, 0x0000000717d00000|100%| E|CS|TAMS 0x0000000717c00000, 0x0000000717c00000| Complete 
| 333|0x0000000717d00000, 0x0000000717e00000, 0x0000000717e00000|100%| E|CS|TAMS 0x0000000717d00000, 0x0000000717d00000| Complete 
| 334|0x0000000717e00000, 0x0000000717f00000, 0x0000000717f00000|100%| E|CS|TAMS 0x0000000717e00000, 0x0000000717e00000| Complete 
| 335|0x0000000717f00000, 0x0000000718000000, 0x0000000718000000|100%| E|CS|TAMS 0x0000000717f00000, 0x0000000717f00000| Complete 
| 336|0x0000000718000000, 0x0000000718100000, 0x0000000718100000|100%| E|CS|TAMS 0x0000000718000000, 0x0000000718000000| Complete 
| 337|0x0000000718100000, 0x0000000718200000, 0x0000000718200000|100%| E|CS|TAMS 0x0000000718100000, 0x0000000718100000| Complete 
| 338|0x0000000718200000, 0x0000000718300000, 0x0000000718300000|100%| E|CS|TAMS 0x0000000718200000, 0x0000000718200000| Complete 
| 339|0x0000000718300000, 0x0000000718400000, 0x0000000718400000|100%| E|CS|TAMS 0x0000000718300000, 0x0000000718300000| Complete 
| 340|0x0000000718400000, 0x0000000718500000, 0x0000000718500000|100%| E|CS|TAMS 0x0000000718400000, 0x0000000718400000| Complete 
| 341|0x0000000718500000, 0x0000000718600000, 0x0000000718600000|100%| E|CS|TAMS 0x0000000718500000, 0x0000000718500000| Complete 
| 342|0x0000000718600000, 0x0000000718700000, 0x0000000718700000|100%| E|CS|TAMS 0x0000000718600000, 0x0000000718600000| Complete 
| 343|0x0000000718700000, 0x0000000718800000, 0x0000000718800000|100%| E|CS|TAMS 0x0000000718700000, 0x0000000718700000| Complete 
| 344|0x0000000718800000, 0x0000000718900000, 0x0000000718900000|100%| E|CS|TAMS 0x0000000718800000, 0x0000000718800000| Complete 
| 345|0x0000000718900000, 0x0000000718a00000, 0x0000000718a00000|100%| E|CS|TAMS 0x0000000718900000, 0x0000000718900000| Complete 
| 346|0x0000000718a00000, 0x0000000718b00000, 0x0000000718b00000|100%| E|CS|TAMS 0x0000000718a00000, 0x0000000718a00000| Complete 
| 347|0x0000000718b00000, 0x0000000718c00000, 0x0000000718c00000|100%| E|CS|TAMS 0x0000000718b00000, 0x0000000718b00000| Complete 
| 348|0x0000000718c00000, 0x0000000718d00000, 0x0000000718d00000|100%| E|CS|TAMS 0x0000000718c00000, 0x0000000718c00000| Complete 
| 349|0x0000000718d00000, 0x0000000718e00000, 0x0000000718e00000|100%| E|CS|TAMS 0x0000000718d00000, 0x0000000718d00000| Complete 
| 350|0x0000000718e00000, 0x0000000718f00000, 0x0000000718f00000|100%| E|CS|TAMS 0x0000000718e00000, 0x0000000718e00000| Complete 
| 351|0x0000000718f00000, 0x0000000719000000, 0x0000000719000000|100%| E|CS|TAMS 0x0000000718f00000, 0x0000000718f00000| Complete 
| 352|0x0000000719000000, 0x0000000719100000, 0x0000000719100000|100%| E|CS|TAMS 0x0000000719000000, 0x0000000719000000| Complete 
| 353|0x0000000719100000, 0x0000000719200000, 0x0000000719200000|100%| E|CS|TAMS 0x0000000719100000, 0x0000000719100000| Complete 
| 354|0x0000000719200000, 0x0000000719300000, 0x0000000719300000|100%| E|CS|TAMS 0x0000000719200000, 0x0000000719200000| Complete 
| 355|0x0000000719300000, 0x0000000719400000, 0x0000000719400000|100%| E|CS|TAMS 0x0000000719300000, 0x0000000719300000| Complete 
| 356|0x0000000719400000, 0x0000000719500000, 0x0000000719500000|100%| E|CS|TAMS 0x0000000719400000, 0x0000000719400000| Complete 
| 357|0x0000000719500000, 0x0000000719600000, 0x0000000719600000|100%| E|CS|TAMS 0x0000000719500000, 0x0000000719500000| Complete 
| 358|0x0000000719600000, 0x0000000719700000, 0x0000000719700000|100%| E|CS|TAMS 0x0000000719600000, 0x0000000719600000| Complete 
| 359|0x0000000719700000, 0x0000000719800000, 0x0000000719800000|100%| E|CS|TAMS 0x0000000719700000, 0x0000000719700000| Complete 
| 360|0x0000000719800000, 0x0000000719900000, 0x0000000719900000|100%| E|CS|TAMS 0x0000000719800000, 0x0000000719800000| Complete 
| 361|0x0000000719900000, 0x0000000719a00000, 0x0000000719a00000|100%| E|CS|TAMS 0x0000000719900000, 0x0000000719900000| Complete 
| 362|0x0000000719a00000, 0x0000000719b00000, 0x0000000719b00000|100%| E|CS|TAMS 0x0000000719a00000, 0x0000000719a00000| Complete 
| 363|0x0000000719b00000, 0x0000000719c00000, 0x0000000719c00000|100%| E|CS|TAMS 0x0000000719b00000, 0x0000000719b00000| Complete 
| 364|0x0000000719c00000, 0x0000000719d00000, 0x0000000719d00000|100%| E|CS|TAMS 0x0000000719c00000, 0x0000000719c00000| Complete 
| 365|0x0000000719d00000, 0x0000000719e00000, 0x0000000719e00000|100%| E|CS|TAMS 0x0000000719d00000, 0x0000000719d00000| Complete 
| 366|0x0000000719e00000, 0x0000000719f00000, 0x0000000719f00000|100%| E|CS|TAMS 0x0000000719e00000, 0x0000000719e00000| Complete 
| 367|0x0000000719f00000, 0x000000071a000000, 0x000000071a000000|100%| E|CS|TAMS 0x0000000719f00000, 0x0000000719f00000| Complete 
| 368|0x000000071a000000, 0x000000071a100000, 0x000000071a100000|100%| E|CS|TAMS 0x000000071a000000, 0x000000071a000000| Complete 
| 369|0x000000071a100000, 0x000000071a200000, 0x000000071a200000|100%| E|CS|TAMS 0x000000071a100000, 0x000000071a100000| Complete 
| 370|0x000000071a200000, 0x000000071a300000, 0x000000071a300000|100%| E|CS|TAMS 0x000000071a200000, 0x000000071a200000| Complete 
| 371|0x000000071a300000, 0x000000071a400000, 0x000000071a400000|100%| E|CS|TAMS 0x000000071a300000, 0x000000071a300000| Complete 
| 372|0x000000071a400000, 0x000000071a500000, 0x000000071a500000|100%| E|CS|TAMS 0x000000071a400000, 0x000000071a400000| Complete 
| 373|0x000000071a500000, 0x000000071a600000, 0x000000071a600000|100%| E|CS|TAMS 0x000000071a500000, 0x000000071a500000| Complete 
| 374|0x000000071a600000, 0x000000071a700000, 0x000000071a700000|100%| E|CS|TAMS 0x000000071a600000, 0x000000071a600000| Complete 
| 375|0x000000071a700000, 0x000000071a800000, 0x000000071a800000|100%| E|CS|TAMS 0x000000071a700000, 0x000000071a700000| Complete 

Card table byte_map: [0x000001703cb10000,0x000001703d300000] _byte_map_base: 0x00000170392f8000

Marking Bits (Prev, Next): (CMBitMap*) 0x0000017029179810, (CMBitMap*) 0x00000170291797d8
 Prev Bits: [0x0000017041a30000, 0x0000017045970000)
 Next Bits: [0x000001703daf0000, 0x0000017041a30000)

Polling page: 0x0000017027ad0000

Metaspace:

Usage:
  Non-class:     61.38 MB capacity,    60.85 MB (>99%) used,   419.07 KB ( <1%) free+waste,   118.38 KB ( <1%) overhead. 
      Class:      7.64 MB capacity,     7.33 MB ( 96%) used,   269.80 KB (  3%) free+waste,    49.44 KB ( <1%) overhead. 
       Both:     69.02 MB capacity,    68.18 MB ( 99%) used,   688.87 KB ( <1%) free+waste,   167.81 KB ( <1%) overhead. 

Virtual space:
  Non-class space:       62.00 MB reserved,      61.50 MB (>99%) committed 
      Class space:        1.00 GB reserved,       7.75 MB ( <1%) committed 
             Both:        1.06 GB reserved,      69.25 MB (  6%) committed 

Chunk freelists:
   Non-Class:  0 bytes
       Class:  16.00 KB
        Both:  16.00 KB

MaxMetaspaceSize: 17179869184.00 GB
CompressedClassSpaceSize: 1.00 GB

CodeHeap 'non-profiled nmethods': size=120064Kb used=7396Kb max_used=7440Kb free=112667Kb
 bounds [0x0000017034570000, 0x0000017034cd0000, 0x000001703bab0000]
CodeHeap 'profiled nmethods': size=120000Kb used=37305Kb max_used=38829Kb free=82694Kb
 bounds [0x000001702d040000, 0x000001702f660000, 0x0000017034570000]
CodeHeap 'non-nmethods': size=5696Kb used=1232Kb max_used=1291Kb free=4463Kb
 bounds [0x000001702cab0000, 0x000001702cd20000, 0x000001702d040000]
 total_blobs=13696 nmethods=13118 adapters=488
 compilation: enabled
              stopped_count=0, restarted_count=0
 full_count=0

Compilation events (20 events):
Event: 21.347 Thread 0x0000017048b85800 nmethod 14342 0x000001702d421b10 code [0x000001702d421f20, 0x000001702d423028]
Event: 21.347 Thread 0x0000017048b85800 14343       2       org.jetbrains.kotlin.resolve.checkers.LocalVariableTypeParametersChecker::check (127 bytes)
Event: 21.349 Thread 0x0000017048b85800 nmethod 14343 0x000001702d295010 code [0x000001702d295340, 0x000001702d295e88]
Event: 21.349 Thread 0x0000017048b85800 14344       2       org.jetbrains.kotlin.resolve.checkers.ExplicitApiDeclarationChecker::check (119 bytes)
Event: 21.351 Thread 0x0000017048b85800 nmethod 14344 0x000001702d42e310 code [0x000001702d42e6e0, 0x000001702d42f6b8]
Event: 21.351 Thread 0x0000017048b85800 14345       2       org.jetbrains.kotlin.resolve.checkers.TailrecFunctionChecker::check (120 bytes)
Event: 21.352 Thread 0x0000017048b85800 nmethod 14345 0x000001702d34c890 code [0x000001702d34cbc0, 0x000001702d34d768]
Event: 21.352 Thread 0x0000017048b85800 14346       2       org.jetbrains.kotlin.resolve.checkers.TrailingCommaDeclarationChecker::check (306 bytes)
Event: 21.357 Thread 0x0000017048b82800 nmethod 14285 0x0000017034cc1890 code [0x0000017034cc1b60, 0x0000017034cc36c0]
Event: 21.357 Thread 0x0000017048b82800 14321       4       java.lang.Character::hashCode (8 bytes)
Event: 21.357 Thread 0x0000017048b82800 nmethod 14321 0x0000017034570410 code [0x00000170345705a0, 0x00000170345705f8]
Event: 21.357 Thread 0x0000017048b82800 14241       4       org.jetbrains.kotlin.resolve.inline.InlineUtil::isInline (25 bytes)
Event: 21.358 Thread 0x0000017048b85800 nmethod 14346 0x000001702d445890 code [0x000001702d445e60, 0x000001702d447648]
Event: 21.358 Thread 0x0000017048b85800 14350       2       org.jetbrains.kotlin.resolve.checkers.DeprecatedSinceKotlinAnnotationChecker::check (378 bytes)
Event: 21.358 Thread 0x0000017048b82800 nmethod 14241 0x00000170345ae490 code [0x00000170345ae620, 0x00000170345ae718]
Event: 21.358 Thread 0x0000017048b82800 14265       4       org.jetbrains.kotlin.resolve.lazy.descriptors.LazyClassDescriptor::getKind (14 bytes)
Event: 21.359 Thread 0x0000017048b82800 nmethod 14265 0x00000170345ae110 code [0x00000170345ae2a0, 0x00000170345ae318]
Event: 21.359 Thread 0x0000017048b82800 14280       4       org.jetbrains.kotlin.config.LanguageVersionSettingsImpl::getFlag (30 bytes)
Event: 21.363 Thread 0x0000017048b85800 nmethod 14350 0x000001702d4fae90 code [0x000001702d4fb440, 0x000001702d4fce88]
Event: 21.364 Thread 0x0000017048b85800 14374       3       org.jetbrains.kotlin.resolve.checkers.KotlinVersionStringAnnotationValueChecker::check (211 bytes)

GC Heap History (20 events):
Event: 2.971 GC heap before
{Heap before GC invocations=3 (full 0):
 garbage-first heap   total 260096K, used 75040K [0x0000000703000000, 0x0000000800000000)
  region size 1024K, 59 young (60416K), 7 survivors (7168K)
 Metaspace       used 31013K, capacity 31486K, committed 31744K, reserved 1077248K
  class space    used 3619K, capacity 3776K, committed 3840K, reserved 1048576K
}
Event: 2.991 GC heap after
{Heap after GC invocations=4 (full 0):
 garbage-first heap   total 260096K, used 24518K [0x0000000703000000, 0x0000000800000000)
  region size 1024K, 8 young (8192K), 8 survivors (8192K)
 Metaspace       used 31013K, capacity 31486K, committed 31744K, reserved 1077248K
  class space    used 3619K, capacity 3776K, committed 3840K, reserved 1048576K
}
Event: 3.206 GC heap before
{Heap before GC invocations=4 (full 0):
 garbage-first heap   total 260096K, used 35782K [0x0000000703000000, 0x0000000800000000)
  region size 1024K, 19 young (19456K), 8 survivors (8192K)
 Metaspace       used 33649K, capacity 34183K, committed 34432K, reserved 1079296K
  class space    used 3938K, capacity 4099K, committed 4224K, reserved 1048576K
}
Event: 3.217 GC heap after
{Heap after GC invocations=5 (full 0):
 garbage-first heap   total 260096K, used 26329K [0x0000000703000000, 0x0000000800000000)
  region size 1024K, 2 young (2048K), 2 survivors (2048K)
 Metaspace       used 33649K, capacity 34183K, committed 34432K, reserved 1079296K
  class space    used 3938K, capacity 4099K, committed 4224K, reserved 1048576K
}
Event: 3.385 GC heap before
{Heap before GC invocations=5 (full 0):
 garbage-first heap   total 260096K, used 34521K [0x0000000703000000, 0x0000000800000000)
  region size 1024K, 11 young (11264K), 2 survivors (2048K)
 Metaspace       used 35173K, capacity 35635K, committed 35840K, reserved 1081344K
  class space    used 4096K, capacity 4263K, committed 4352K, reserved 1048576K
}
Event: 3.391 GC heap after
{Heap after GC invocations=6 (full 0):
 garbage-first heap   total 312320K, used 24727K [0x0000000703000000, 0x0000000800000000)
  region size 1024K, 2 young (2048K), 2 survivors (2048K)
 Metaspace       used 35173K, capacity 35635K, committed 35840K, reserved 1081344K
  class space    used 4096K, capacity 4263K, committed 4352K, reserved 1048576K
}
Event: 5.146 GC heap before
{Heap before GC invocations=7 (full 0):
 garbage-first heap   total 312320K, used 113815K [0x0000000703000000, 0x0000000800000000)
  region size 1024K, 86 young (88064K), 2 survivors (2048K)
 Metaspace       used 47614K, capacity 48168K, committed 48256K, reserved 1091584K
  class space    used 5543K, capacity 5725K, committed 5760K, reserved 1048576K
}
Event: 5.158 GC heap after
{Heap after GC invocations=8 (full 0):
 garbage-first heap   total 312320K, used 33891K [0x0000000703000000, 0x0000000800000000)
  region size 1024K, 9 young (9216K), 9 survivors (9216K)
 Metaspace       used 47614K, capacity 48168K, committed 48256K, reserved 1091584K
  class space    used 5543K, capacity 5725K, committed 5760K, reserved 1048576K
}
Event: 7.883 GC heap before
{Heap before GC invocations=8 (full 0):
 garbage-first heap   total 312320K, used 146531K [0x0000000703000000, 0x0000000800000000)
  region size 1024K, 119 young (121856K), 9 survivors (9216K)
 Metaspace       used 54077K, capacity 54733K, committed 55040K, reserved 1097728K
  class space    used 6044K, capacity 6289K, committed 6400K, reserved 1048576K
}
Event: 7.929 GC heap after
{Heap after GC invocations=9 (full 0):
 garbage-first heap   total 312320K, used 53861K [0x0000000703000000, 0x0000000800000000)
  region size 1024K, 15 young (15360K), 15 survivors (15360K)
 Metaspace       used 54077K, capacity 54733K, committed 55040K, reserved 1097728K
  class space    used 6044K, capacity 6289K, committed 6400K, reserved 1048576K
}
Event: 8.110 GC heap before
{Heap before GC invocations=9 (full 0):
 garbage-first heap   total 312320K, used 67173K [0x0000000703000000, 0x0000000800000000)
  region size 1024K, 28 young (28672K), 15 survivors (15360K)
 Metaspace       used 54111K, capacity 54797K, committed 55040K, reserved 1097728K
  class space    used 6044K, capacity 6289K, committed 6400K, reserved 1048576K
}
Event: 8.139 GC heap after
{Heap after GC invocations=10 (full 0):
 garbage-first heap   total 312320K, used 58215K [0x0000000703000000, 0x0000000800000000)
  region size 1024K, 4 young (4096K), 4 survivors (4096K)
 Metaspace       used 54111K, capacity 54797K, committed 55040K, reserved 1097728K
  class space    used 6044K, capacity 6289K, committed 6400K, reserved 1048576K
}
Event: 9.941 GC heap before
{Heap before GC invocations=10 (full 0):
 garbage-first heap   total 312320K, used 157543K [0x0000000703000000, 0x0000000800000000)
  region size 1024K, 100 young (102400K), 4 survivors (4096K)
 Metaspace       used 57562K, capacity 58275K, committed 58368K, reserved 1101824K
  class space    used 6367K, capacity 6632K, committed 6656K, reserved 1048576K
}
Event: 9.965 GC heap after
{Heap after GC invocations=11 (full 0):
 garbage-first heap   total 312320K, used 67215K [0x0000000703000000, 0x0000000800000000)
  region size 1024K, 13 young (13312K), 13 survivors (13312K)
 Metaspace       used 57562K, capacity 58275K, committed 58368K, reserved 1101824K
  class space    used 6367K, capacity 6632K, committed 6656K, reserved 1048576K
}
Event: 11.583 GC heap before
{Heap before GC invocations=11 (full 0):
 garbage-first heap   total 312320K, used 94863K [0x0000000703000000, 0x0000000800000000)
  region size 1024K, 41 young (41984K), 13 survivors (13312K)
 Metaspace       used 59412K, capacity 60050K, committed 60160K, reserved 1103872K
  class space    used 6434K, capacity 6706K, committed 6784K, reserved 1048576K
}
Event: 11.636 GC heap after
{Heap after GC invocations=12 (full 0):
 garbage-first heap   total 385024K, used 72373K [0x0000000703000000, 0x0000000800000000)
  region size 1024K, 6 young (6144K), 6 survivors (6144K)
 Metaspace       used 59412K, capacity 60050K, committed 60160K, reserved 1103872K
  class space    used 6434K, capacity 6706K, committed 6784K, reserved 1048576K
}
Event: 16.349 GC heap before
{Heap before GC invocations=13 (full 0):
 garbage-first heap   total 385024K, used 214709K [0x0000000703000000, 0x0000000800000000)
  region size 1024K, 143 young (146432K), 6 survivors (6144K)
 Metaspace       used 67182K, capacity 67968K, committed 68096K, reserved 1110016K
  class space    used 7348K, capacity 7654K, committed 7680K, reserved 1048576K
}
Event: 16.381 GC heap after
{Heap after GC invocations=14 (full 0):
 garbage-first heap   total 385024K, used 86929K [0x0000000703000000, 0x0000000800000000)
  region size 1024K, 18 young (18432K), 18 survivors (18432K)
 Metaspace       used 67182K, capacity 67968K, committed 68096K, reserved 1110016K
  class space    used 7348K, capacity 7654K, committed 7680K, reserved 1048576K
}
Event: 20.556 GC heap before
{Heap before GC invocations=14 (full 0):
 garbage-first heap   total 385024K, used 250769K [0x0000000703000000, 0x0000000800000000)
  region size 1024K, 178 young (182272K), 18 survivors (18432K)
 Metaspace       used 69046K, capacity 69930K, committed 70016K, reserved 1112064K
  class space    used 7471K, capacity 7791K, committed 7808K, reserved 1048576K
}
Event: 20.606 GC heap after
{Heap after GC invocations=15 (full 0):
 garbage-first heap   total 385024K, used 99289K [0x0000000703000000, 0x0000000800000000)
  region size 1024K, 13 young (13312K), 13 survivors (13312K)
 Metaspace       used 69046K, capacity 69930K, committed 70016K, reserved 1112064K
  class space    used 7471K, capacity 7791K, committed 7808K, reserved 1048576K
}

Deoptimization events (20 events):
Event: 21.152 Thread 0x0000017029117000 Uncommon trap: trap_request=0xffffffde fr.pc=0x0000017034b8bc94 relative=0x0000000000000ab4
Event: 21.152 Thread 0x0000017029117000 Uncommon trap: reason=class_check action=maybe_recompile pc=0x0000017034b8bc94 method=kotlin.collections.CollectionsKt__IterablesKt.flatten(Ljava/lang/Iterable;)Ljava/util/List; @ 36 c2
Event: 21.152 Thread 0x0000017029117000 DEOPT PACKING pc=0x0000017034b8bc94 sp=0x00000026271fdd60
Event: 21.152 Thread 0x0000017029117000 DEOPT UNPACKING pc=0x000001702cad722f sp=0x00000026271fdd68 mode 2
Event: 21.153 Thread 0x0000017029117000 Uncommon trap: trap_request=0xffffffde fr.pc=0x0000017034b8bc94 relative=0x0000000000000ab4
Event: 21.153 Thread 0x0000017029117000 Uncommon trap: reason=class_check action=maybe_recompile pc=0x0000017034b8bc94 method=kotlin.collections.CollectionsKt__IterablesKt.flatten(Ljava/lang/Iterable;)Ljava/util/List; @ 36 c2
Event: 21.153 Thread 0x0000017029117000 DEOPT PACKING pc=0x0000017034b8bc94 sp=0x00000026271fdc80
Event: 21.153 Thread 0x0000017029117000 DEOPT UNPACKING pc=0x000001702cad722f sp=0x00000026271fdc88 mode 2
Event: 21.160 Thread 0x0000017029117000 Uncommon trap: trap_request=0xffffffde fr.pc=0x0000017034a617d8 relative=0x0000000000000118
Event: 21.160 Thread 0x0000017029117000 Uncommon trap: reason=class_check action=maybe_recompile pc=0x0000017034a617d8 method=org.jetbrains.kotlin.types.TypeUtils.getTypeParameterDescriptorOrNull(Lorg/jetbrains/kotlin/types/KotlinType;)Lorg/jetbrains/kotlin/descriptors/TypeParameterDescriptor; 
Event: 21.160 Thread 0x0000017029117000 DEOPT PACKING pc=0x0000017034a617d8 sp=0x00000026271fdda0
Event: 21.160 Thread 0x0000017029117000 DEOPT UNPACKING pc=0x000001702cad722f sp=0x00000026271fdd38 mode 2
Event: 21.209 Thread 0x0000017029117000 Uncommon trap: trap_request=0xffffff5c fr.pc=0x0000017034af60f0 relative=0x00000000000005f0
Event: 21.209 Thread 0x0000017029117000 Uncommon trap: reason=speculate_null_assert action=make_not_entrant pc=0x0000017034af60f0 method=org.jetbrains.kotlin.load.java.components.JavaAnnotationMapper.findMappedJavaAnnotation(Lorg/jetbrains/kotlin/name/FqName;Lorg/jetbrains/kotlin/load/java/stru
Event: 21.209 Thread 0x0000017029117000 DEOPT PACKING pc=0x0000017034af60f0 sp=0x00000026271fda40
Event: 21.209 Thread 0x0000017029117000 DEOPT UNPACKING pc=0x000001702cad722f sp=0x00000026271fd9a0 mode 2
Event: 21.213 Thread 0x0000017029117000 Uncommon trap: trap_request=0xffffff4d fr.pc=0x00000170348201b4 relative=0x00000000000002f4
Event: 21.213 Thread 0x0000017029117000 Uncommon trap: reason=unstable_if action=reinterpret pc=0x00000170348201b4 method=java.util.ArrayList.indexOfRange(Ljava/lang/Object;II)I @ 7 c2
Event: 21.213 Thread 0x0000017029117000 DEOPT PACKING pc=0x00000170348201b4 sp=0x00000026271fdd10
Event: 21.213 Thread 0x0000017029117000 DEOPT UNPACKING pc=0x000001702cad722f sp=0x00000026271fdc90 mode 2

Classes redefined (0 events):
No events

Internal exceptions (20 events):
Event: 9.145 Thread 0x0000017029117000 Implicit null exception at 0x00000170345cc35e to 0x00000170345ccb3e
Event: 9.145 Thread 0x0000017029117000 Implicit null exception at 0x00000170345a0d2f to 0x00000170345a0da9
Event: 9.558 Thread 0x0000017029117000 Implicit null exception at 0x000001703458bb74 to 0x000001703458c09c
Event: 10.312 Thread 0x0000017029117000 Exception <a 'java/lang/NoSuchMethodError'{0x0000000715b23ef0}: 'java.lang.Object java.lang.invoke.Invokers$Holder.linkToTargetMethod(java.lang.Object, java.lang.Object, java.lang.Object, java.lang.Object, java.lang.Object, java.lang.Object, java.lang.Object)'> (0x0000000715b23ef0) thrown at [./src/hotspot/share/interpreter/linkResolver.cpp, line 773]
Event: 12.175 Thread 0x0000017029117000 Implicit null exception at 0x00000170349303cc to 0x0000017034930498
Event: 12.781 Thread 0x0000017029117000 Exception <a 'java/lang/NoSuchMethodError'{0x00000007190f8b90}: 'java.lang.Object java.lang.invoke.Invokers$Holder.linkToTargetMethod(java.lang.Object, java.lang.Object, java.lang.Object, int, int, java.lang.Object)'> (0x00000007190f8b90) thrown at [./src/hotspot/share/interpreter/linkResolver.cpp, line 773]
Event: 13.461 Thread 0x0000017029117000 Implicit null exception at 0x000001703476a6a1 to 0x00000170347706ec
Event: 13.701 Thread 0x0000017029117000 Exception <a 'java/lang/NoSuchMethodError'{0x00000007177bba68}: 'int java.lang.invoke.DirectMethodHandle$Holder.invokeVirtual(java.lang.Object, java.lang.Object, java.lang.Object)'> (0x00000007177bba68) thrown at [./src/hotspot/share/interpreter/linkResolver.cpp, line 773]
Event: 13.711 Thread 0x0000017029117000 Exception <a 'java/lang/NoSuchMethodError'{0x00000007177fc1e0}: 'java.lang.Object java.lang.invoke.DirectMethodHandle$Holder.invokeSpecial(java.lang.Object, java.lang.Object, java.lang.Object, java.lang.Object, java.lang.Object, int)'> (0x00000007177fc1e0) thrown at [./src/hotspot/share/interpreter/linkResolver.cpp, line 773]
Event: 13.711 Thread 0x0000017029117000 Exception <a 'java/lang/NoSuchMethodError'{0x0000000717600280}: 'java.lang.Object java.lang.invoke.Invokers$Holder.linkToTargetMethod(java.lang.Object, java.lang.Object, java.lang.Object, int, java.lang.Object)'> (0x0000000717600280) thrown at [./src/hotspot/share/interpreter/linkResolver.cpp, line 773]
Event: 13.778 Thread 0x0000017029117000 Exception <a 'java/lang/NoSuchMethodError'{0x000000071759b5e0}: 'int java.lang.invoke.DirectMethodHandle$Holder.invokeStatic(java.lang.Object, java.lang.Object, java.lang.Object, java.lang.Object, java.lang.Object)'> (0x000000071759b5e0) thrown at [./src/hotspot/share/interpreter/linkResolver.cpp, line 773]
Event: 14.065 Thread 0x0000017029117000 Implicit null exception at 0x00000170347b54cf to 0x00000170347b5550
Event: 15.535 Thread 0x0000017029117000 Implicit null exception at 0x000001703486a15c to 0x000001703486a3a4
Event: 19.907 Thread 0x0000017029117000 Implicit null exception at 0x0000017034bb1c77 to 0x0000017034bb2564
Event: 20.279 Thread 0x0000017029117000 Implicit null exception at 0x00000170345ca275 to 0x00000170345ca454
Event: 20.780 Thread 0x0000017029117000 Implicit null exception at 0x0000017034c8991a to 0x0000017034c89d2c
Event: 20.781 Thread 0x0000017029117000 Implicit null exception at 0x0000017034c8d03d to 0x0000017034c8d2e8
Event: 20.781 Thread 0x0000017029117000 Implicit null exception at 0x00000170348f44f5 to 0x00000170348f46d0
Event: 20.782 Thread 0x0000017029117000 Implicit null exception at 0x0000017034ca9108 to 0x0000017034ca94d4
Event: 21.213 Thread 0x0000017029117000 Implicit null exception at 0x000001703481fefe to 0x00000170348201a5

Events (20 events):
Event: 21.244 loading class org/jetbrains/kotlin/descriptors/EffectiveVisibility$Protected
Event: 21.244 loading class org/jetbrains/kotlin/descriptors/EffectiveVisibility$Protected done
Event: 21.244 Executing VM operation: Deoptimize
Event: 21.246 Executing VM operation: Deoptimize done
Event: 21.290 loading class org/jetbrains/kotlin/resolve/DeclarationsChecker$checkPropertyTypeParametersAreUsedInReceiverType$addAccessibleTypeParametersFromType$1
Event: 21.290 loading class org/jetbrains/kotlin/resolve/DeclarationsChecker$checkPropertyTypeParametersAreUsedInReceiverType$addAccessibleTypeParametersFromType$1 done
Event: 21.291 loading class org/jetbrains/kotlin/resolve/AnnotationChecker$Companion$TargetLists$T_MEMBER_PROPERTY$1
Event: 21.291 loading class org/jetbrains/kotlin/resolve/AnnotationChecker$Companion$TargetLists$T_MEMBER_PROPERTY$1 done
Event: 21.297 loading class org/jetbrains/kotlin/descriptors/EffectiveVisibility$Internal
Event: 21.297 loading class org/jetbrains/kotlin/descriptors/EffectiveVisibility$Internal done
Event: 21.297 loading class org/jetbrains/kotlin/descriptors/EffectiveVisibility$InternalOrPackage
Event: 21.297 loading class org/jetbrains/kotlin/descriptors/EffectiveVisibility$InternalOrPackage done
Event: 21.310 loading class org/jetbrains/kotlin/resolve/checkers/ConstApplicability$Applicable
Event: 21.310 loading class org/jetbrains/kotlin/resolve/checkers/ConstApplicability$Applicable done
Event: 21.310 loading class org/jetbrains/kotlin/resolve/checkers/ConstApplicability
Event: 21.310 loading class org/jetbrains/kotlin/resolve/checkers/ConstApplicability done
Event: 21.311 loading class org/jetbrains/kotlin/resolve/AnnotationChecker$Companion$TargetLists$T_TOP_LEVEL_PROPERTY$1
Event: 21.311 loading class org/jetbrains/kotlin/resolve/AnnotationChecker$Companion$TargetLists$T_TOP_LEVEL_PROPERTY$1 done
Event: 21.322 loading class org/jetbrains/kotlin/resolve/ModifierCheckerCore$WhenMappings
Event: 21.322 loading class org/jetbrains/kotlin/resolve/ModifierCheckerCore$WhenMappings done


Dynamic libraries:
0x00007ff7af210000 - 0x00007ff7af21a000 	E:\Programms\Android Studio\jre\bin\java.exe
0x00007ff9ed6f0000 - 0x00007ff9ed8e5000 	C:\Windows\SYSTEM32\ntdll.dll
0x00007ff9ecac0000 - 0x00007ff9ecb7d000 	C:\Windows\System32\KERNEL32.DLL
0x00007ff9eaf90000 - 0x00007ff9eb258000 	C:\Windows\System32\KERNELBASE.dll
0x00007ff9eae30000 - 0x00007ff9eaf30000 	C:\Windows\System32\ucrtbase.dll
0x00007ff9d50c0000 - 0x00007ff9d50d7000 	E:\Programms\Android Studio\jre\bin\VCRUNTIME140.dll
0x00007ff9d4c60000 - 0x00007ff9d4c79000 	E:\Programms\Android Studio\jre\bin\jli.dll
0x00007ff9ec920000 - 0x00007ff9ecac0000 	C:\Windows\System32\USER32.dll
0x00007ff9eb610000 - 0x00007ff9eb632000 	C:\Windows\System32\win32u.dll
0x00007ff9dba30000 - 0x00007ff9dbcca000 	C:\Windows\WinSxS\amd64_microsoft.windows.common-controls_6595b64144ccf1df_6.0.19041.844_none_ca00b6081b84eb1d\COMCTL32.dll
0x00007ff9ece00000 - 0x00007ff9ece2a000 	C:\Windows\System32\GDI32.dll
0x00007ff9ebcb0000 - 0x00007ff9ebd4e000 	C:\Windows\System32\msvcrt.dll
0x00007ff9eb640000 - 0x00007ff9eb74b000 	C:\Windows\System32\gdi32full.dll
0x00007ff9eb570000 - 0x00007ff9eb60d000 	C:\Windows\System32\msvcp_win.dll
0x00007ff9eb750000 - 0x00007ff9eb780000 	C:\Windows\System32\IMM32.DLL
0x00007ff9c2ab0000 - 0x00007ff9c2b4d000 	E:\Programms\Android Studio\jre\bin\msvcp140.dll
0x00007ff9adc80000 - 0x00007ff9ae73c000 	E:\Programms\Android Studio\jre\bin\server\jvm.dll
0x00007ff9ebbf0000 - 0x00007ff9ebc9c000 	C:\Windows\System32\ADVAPI32.dll
0x00007ff9ece30000 - 0x00007ff9ececb000 	C:\Windows\System32\sechost.dll
0x00007ff9ec570000 - 0x00007ff9ec69b000 	C:\Windows\System32\RPCRT4.dll
0x00007ff9ec420000 - 0x00007ff9ec428000 	C:\Windows\System32\PSAPI.DLL
0x00007ff9e2960000 - 0x00007ff9e2987000 	C:\Windows\SYSTEM32\WINMM.dll
0x00007ff9e2fb0000 - 0x00007ff9e2fba000 	C:\Windows\SYSTEM32\VERSION.dll
0x00007ff9e2870000 - 0x00007ff9e2879000 	C:\Windows\SYSTEM32\WSOCK32.dll
0x00007ff9ec3b0000 - 0x00007ff9ec41b000 	C:\Windows\System32\WS2_32.dll
0x00007ff9e8da0000 - 0x00007ff9e8db2000 	C:\Windows\SYSTEM32\kernel.appcore.dll
0x00007ff9d6c40000 - 0x00007ff9d6c51000 	E:\Programms\Android Studio\jre\bin\verify.dll
0x00007ff9d1c10000 - 0x00007ff9d1df4000 	C:\Windows\SYSTEM32\DBGHELP.DLL
0x00007ff9d5e20000 - 0x00007ff9d5e4c000 	C:\Windows\SYSTEM32\dbgcore.DLL
0x00007ff9eb2b0000 - 0x00007ff9eb330000 	C:\Windows\System32\bcryptPrimitives.dll
0x00007ff9c2fb0000 - 0x00007ff9c2fd9000 	E:\Programms\Android Studio\jre\bin\java.dll
0x00007ff9dc940000 - 0x00007ff9dc94b000 	E:\Programms\Android Studio\jre\bin\jimage.dll
0x00007ff9d0660000 - 0x00007ff9d0678000 	E:\Programms\Android Studio\jre\bin\zip.dll
0x00007ff9ecf60000 - 0x00007ff9ed6a2000 	C:\Windows\System32\SHELL32.dll
0x00007ff9e8fa0000 - 0x00007ff9e9730000 	C:\Windows\SYSTEM32\windows.storage.dll
0x00007ff9ebd50000 - 0x00007ff9ec0a5000 	C:\Windows\System32\combase.dll
0x00007ff9ea8a0000 - 0x00007ff9ea8cc000 	C:\Windows\SYSTEM32\Wldp.dll
0x00007ff9ec0b0000 - 0x00007ff9ec15e000 	C:\Windows\System32\SHCORE.dll
0x00007ff9ec510000 - 0x00007ff9ec565000 	C:\Windows\System32\shlwapi.dll
0x00007ff9ead70000 - 0x00007ff9ead8f000 	C:\Windows\SYSTEM32\profapi.dll
0x00007ff9c2610000 - 0x00007ff9c262a000 	E:\Programms\Android Studio\jre\bin\net.dll
0x00007ff9ddc30000 - 0x00007ff9ddd3b000 	C:\Windows\SYSTEM32\WINHTTP.dll
0x00007ff9ea610000 - 0x00007ff9ea67a000 	C:\Windows\system32\mswsock.dll
0x00007ff9c25f0000 - 0x00007ff9c2604000 	E:\Programms\Android Studio\jre\bin\nio.dll

dbghelp: loaded successfully - version: 4.0.5 - missing functions: none
symbol engine: initialized successfully - sym options: 0x614 - pdb path: .;E:\Programms\Android Studio\jre\bin;C:\Windows\SYSTEM32;C:\Windows\WinSxS\amd64_microsoft.windows.common-controls_6595b64144ccf1df_6.0.19041.844_none_ca00b6081b84eb1d;E:\Programms\Android Studio\jre\bin\server

VM Arguments:
java_command: org.jetbrains.kotlin.cli.jvm.K2JVMCompiler @D:\dev\physmin\android\build\20210714_7780565730232823754.compiler.options
java_class_path (initial): C:\Users\vostmarkh\.gradle\caches\modules-2\files-2.1\org.jetbrains.kotlin\kotlin-compiler-embeddable\1.5.20\1900e8b9aca0a9caffd45b99b36e3720a0a284f8\kotlin-compiler-embeddable-1.5.20.jar;C:\Users\vostmarkh\.gradle\caches\modules-2\files-2.1\org.jetbrains.kotlin\kotlin-reflect\1.5.20\63810951f09a27f7827977f1bc21094042a915e\kotlin-reflect-1.5.20.jar;C:\Users\vostmarkh\.gradle\caches\modules-2\files-2.1\org.jetbrains.kotlin\kotlin-stdlib\1.5.20\9de35cc611bcecec8edce1d56d8e659953806751\kotlin-stdlib-1.5.20.jar;C:\Users\vostmarkh\.gradle\caches\modules-2\files-2.1\org.jetbrains.kotlin\kotlin-script-runtime\1.5.20\4381bb58d37b84d4d1afe55ec35542dd9b77e101\kotlin-script-runtime-1.5.20.jar;C:\Users\vostmarkh\.gradle\caches\modules-2\files-2.1\org.jetbrains.kotlin\kotlin-daemon-embeddable\1.5.20\36c38cda019834dcd2959cc33a12768adcd94256\kotlin-daemon-embeddable-1.5.20.jar;C:\Users\vostmarkh\.gradle\caches\modules-2\files-2.1\org.jetbrains.intellij.deps\trove4j\1.0.20181211\216c2e14b070f334479d800987affe4054cd563f\trove4j-1.0.20181211.jar;C:\Users\vostmarkh\.gradle\caches\modules-2\files-2.1\org.jetbrains\annotations\13.0\919f0dfe192fb4e063e7dacadee7f8bb9a2672a9\annotations-13.0.jar;C:\Users\vostmarkh\.gradle\caches\modules-2\files-2.1\org.jetbrains.kotlin\kotlin-stdlib-common\1.5.20\3d79dbd48bf605f4aac1e7028981a1953e245cbb\kotlin-stdlib-common-1.5.20.jar
Launcher Type: SUN_STANDARD

[Global flags]
     intx CICompilerCount                          = 3                                         {product} {ergonomic}
     uint ConcGCThreads                            = 2                                         {product} {ergonomic}
     uint G1ConcRefinementThreads                  = 6                                         {product} {ergonomic}
   size_t G1HeapRegionSize                         = 1048576                                   {product} {ergonomic}
    uintx GCDrainStackTargetSize                   = 64                                        {product} {ergonomic}
   size_t InitialHeapSize                          = 266338304                                 {product} {ergonomic}
   size_t MarkStackSize                            = 4194304                                   {product} {ergonomic}
   size_t MaxHeapSize                              = 4244635648                                {product} {ergonomic}
   size_t MaxNewSize                               = 2545942528                                {product} {ergonomic}
   size_t MinHeapDeltaBytes                        = 1048576                                   {product} {ergonomic}
    uintx NonNMethodCodeHeapSize                   = 5830732                                {pd product} {ergonomic}
    uintx NonProfiledCodeHeapSize                  = 122913754                              {pd product} {ergonomic}
    uintx ProfiledCodeHeapSize                     = 122913754                              {pd product} {ergonomic}
    uintx ReservedCodeCacheSize                    = 251658240                              {pd product} {ergonomic}
     bool SegmentedCodeCache                       = true                                      {product} {ergonomic}
     bool UseCompressedClassPointers               = true                                 {lp64_product} {ergonomic}
     bool UseCompressedOops                        = true                                 {lp64_product} {ergonomic}
     bool UseG1GC                                  = true                                      {product} {ergonomic}
     bool UseLargePagesIndividualAllocation        = false                                  {pd product} {ergonomic}

Logging:
Log output configuration:
 #0: stdout all=warning uptime,level,tags
 #1: stderr all=off uptime,level,tags

Environment Variables:
PATH=C:\Windows\system32;C:\Windows;C:\Windows\System32\Wbem;C:\Windows\System32\WindowsPowerShell\v1.0\;C:\Windows\System32\OpenSSH\;C:\Program Files\NVIDIA Corporation\NVIDIA NvDLISR;C:\Program Files (x86)\NVIDIA Corporation\PhysX\Common;C:\Program Files\dotnet\;D:\Program Files (x86)\IncrediBuild;D:\tools\Git\cmd;D:\tools\nodejs\;C:\Program Files\PowerShell\7-preview\preview;C:\Users\vostmarkh\AppData\Local\Microsoft\WindowsApps;C:\Users\vostmarkh\.dotnet\tools;D:\apps\vscode_insiders\bin;C:\Users\vostmarkh\AppData\Roaming\npm;
USERNAME=vostmarkh
OS=Windows_NT
PROCESSOR_IDENTIFIER=AMD64 Family 21 Model 2 Stepping 0, AuthenticAMD



---------------  S Y S T E M  ---------------

OS: Windows 10 , 64 bit Build 19041 (10.0.19041.928)
OS uptime: 22 days 2:25 hours

CPU:total 6 (initial active 6) (6 cores per cpu, 1 threads per core) family 21 model 2 stepping 0, cmov, cx8, fxsr, mmx, sse, sse2, sse3, ssse3, sse4.1, sse4.2, popcnt, avx, aes, clmul, mmxext, 3dnowpref, lzcnt, sse4a, tsc, tscinvbit, tscinv, bmi1, fma

Memory: 4k page, system-wide physical 16188M (2288M free)
TotalPageFile size 16188M (AvailPageFile size 8M)
current process WorkingSet (physical memory assigned to process): 510M, peak: 513M
current process commit charge ("private bytes"): 635M, peak: 639M

vm_info: OpenJDK 64-Bit Server VM (11.0.8+10-b944.6842174) for windows-amd64 JRE (11.0.8+10-b944.6842174), built on Sep 19 2020 01:11:42 by "builder" with MS VC++ 14.0 (VS2015)

END.
